Determining if the pthread_create exist failed with the following output:
Change Dir: /data/github_repos/yolov3-tiny-fit-ncs/ncs2/OpenVINO/inference_engine/samples/object_detection_demo_yolov3_async/build/CMakeFiles/CMakeTmp

Run Build Command:"/usr/bin/make" "cmTC_92379/fast"
/usr/bin/make -f CMakeFiles/cmTC_92379.dir/build.make CMakeFiles/cmTC_92379.dir/build
make[1]: Entering directory '/data/github_repos/yolov3-tiny-fit-ncs/ncs2/OpenVINO/inference_engine/samples/object_detection_demo_yolov3_async/build/CMakeFiles/CMakeTmp'
Building C object CMakeFiles/cmTC_92379.dir/CheckSymbolExists.c.o
/usr/bin/cc    -fPIC    -o CMakeFiles/cmTC_92379.dir/CheckSymbolExists.c.o   -c /data/github_repos/yolov3-tiny-fit-ncs/ncs2/OpenVINO/inference_engine/samples/object_detection_demo_yolov3_async/build/CMakeFiles/CMakeTmp/CheckSymbolExists.c
Linking C executable cmTC_92379
/usr/bin/cmake -E cmake_link_script CMakeFiles/cmTC_92379.dir/link.txt --verbose=1
/usr/bin/cc  -fPIC     CMakeFiles/cmTC_92379.dir/CheckSymbolExists.c.o  -o cmTC_92379 -rdynamic 
CMakeFiles/cmTC_92379.dir/CheckSymbolExists.c.o：在函数‘main’中：
CheckSymbolExists.c:(.text+0x1b)：对‘pthread_create’未定义的引用
collect2: error: ld returned 1 exit status
CMakeFiles/cmTC_92379.dir/build.make:97: recipe for target 'cmTC_92379' failed
make[1]: *** [cmTC_92379] Error 1
make[1]: Leaving directory '/data/github_repos/yolov3-tiny-fit-ncs/ncs2/OpenVINO/inference_engine/samples/object_detection_demo_yolov3_async/build/CMakeFiles/CMakeTmp'
Makefile:126: recipe for target 'cmTC_92379/fast' failed
make: *** [cmTC_92379/fast] Error 2

File /data/github_repos/yolov3-tiny-fit-ncs/ncs2/OpenVINO/inference_engine/samples/object_detection_demo_yolov3_async/build/CMakeFiles/CMakeTmp/CheckSymbolExists.c:
/* */
#include <pthread.h>

int main(int argc, char** argv)
{
  (void)argv;
#ifndef pthread_create
  return ((int*)(&pthread_create))[argc];
#else
  (void)argc;
  return 0;
#endif
}

Determining if the function pthread_create exists in the pthreads failed with the following output:
Change Dir: /data/github_repos/yolov3-tiny-fit-ncs/ncs2/OpenVINO/inference_engine/samples/object_detection_demo_yolov3_async/build/CMakeFiles/CMakeTmp

Run Build Command:"/usr/bin/make" "cmTC_46f3c/fast"
/usr/bin/make -f CMakeFiles/cmTC_46f3c.dir/build.make CMakeFiles/cmTC_46f3c.dir/build
make[1]: Entering directory '/data/github_repos/yolov3-tiny-fit-ncs/ncs2/OpenVINO/inference_engine/samples/object_detection_demo_yolov3_async/build/CMakeFiles/CMakeTmp'
Building C object CMakeFiles/cmTC_46f3c.dir/CheckFunctionExists.c.o
/usr/bin/cc    -fPIC -DCHECK_FUNCTION_EXISTS=pthread_create   -o CMakeFiles/cmTC_46f3c.dir/CheckFunctionExists.c.o   -c /usr/share/cmake-3.5/Modules/CheckFunctionExists.c
Linking C executable cmTC_46f3c
/usr/bin/cmake -E cmake_link_script CMakeFiles/cmTC_46f3c.dir/link.txt --verbose=1
/usr/bin/cc  -fPIC -DCHECK_FUNCTION_EXISTS=pthread_create    CMakeFiles/cmTC_46f3c.dir/CheckFunctionExists.c.o  -o cmTC_46f3c -rdynamic -lpthreads 
/usr/bin/ld: 找不到 -lpthreads
collect2: error: ld returned 1 exit status
CMakeFiles/cmTC_46f3c.dir/build.make:97: recipe for target 'cmTC_46f3c' failed
make[1]: *** [cmTC_46f3c] Error 1
make[1]: Leaving directory '/data/github_repos/yolov3-tiny-fit-ncs/ncs2/OpenVINO/inference_engine/samples/object_detection_demo_yolov3_async/build/CMakeFiles/CMakeTmp'
Makefile:126: recipe for target 'cmTC_46f3c/fast' failed
make: *** [cmTC_46f3c/fast] Error 2


