[MOD_SYSTEM     ][warning][08:48:36.860] :create App's logdir[log/ip_log] failed,change log to[/root/2018-8-7/server]
[MOD_SYSTEM     ][info   ][08:48:36.668] :SizeCheck in [/root/2018-8-7/server],Size[53K/1000K]
[MOD_SYSTEM     ][highest][08:48:36.830] :init success,logdir:/root/2018-8-7/server
[MOD_UNDIFINE   ][trace  ][08:48:36.096] :success to open listen socket.
[MOD_UNDIFINE   ][trace  ][08:48:47.475] :Send Arp struct: ========>>>>>>>>
[MOD_UNDIFINE   ][trace  ][08:48:47.927] :mac_target:   [ff:ff:ff:ff:ff:ff]
[MOD_UNDIFINE   ][trace  ][08:48:47.089] :mac_source:   [00:e0:4c:38:a8:39]
[MOD_UNDIFINE   ][trace  ][08:48:47.208] :ethertype:  [0x806]
[MOD_UNDIFINE   ][trace  ][08:48:47.347] :hw_type:    [0x1]
[MOD_UNDIFINE   ][trace  ][08:48:47.475] :Send Arp struct: ========>>>>>>>>
[MOD_UNDIFINE   ][trace  ][08:48:47.502] :proto_type: [0x800]
[MOD_UNDIFINE   ][trace  ][08:48:47.637] :mac_addr_len: [6]
[MOD_UNDIFINE   ][trace  ][08:48:47.557] :mac_target:   [ff:ff:ff:ff:ff:ff]
[MOD_UNDIFINE   ][trace  ][08:48:47.753] :ip_addr_len:  [4]
[MOD_UNDIFINE   ][trace  ][08:48:47.867] :operation_code: [0x1]
[MOD_UNDIFINE   ][trace  ][08:48:47.827] :mac_source:   [00:e0:4c:38:a8:39]
[MOD_UNDIFINE   ][trace  ][08:48:47.983] :mac_sender:   [b2:95:9d:ce:ba:a1]
[MOD_UNDIFINE   ][trace  ][08:48:47.001] :ethertype:  [0x806]
[MOD_UNDIFINE   ][trace  ][08:48:47.098] :mac_receiver: [ff:ff:ff:ff:ff:ff]
[MOD_UNDIFINE   ][trace  ][08:48:47.199] :hw_type:    [0x1]
[MOD_UNDIFINE   ][trace  ][08:48:47.217] :ip_sender:    [172.18.119.1]
[MOD_UNDIFINE   ][trace  ][08:48:47.344] :proto_type: [0x800]
[MOD_UNDIFINE   ][trace  ][08:48:47.362] :ip_receiver:    [255.255.255.255]
[MOD_UNDIFINE   ][trace  ][08:48:47.461] :mac_addr_len: [6]
[MOD_UNDIFINE   ][trace  ][08:48:47.530] :padding:     [zenreq,AC127701,B2959DCEBAA1]
[MOD_UNDIFINE   ][trace  ][08:48:47.612] :ip_addr_len:  [4]
[MOD_UNDIFINE   ][trace  ][08:48:47.680] :Send Arp struct: >>>>>>>>========
[MOD_UNDIFINE   ][trace  ][08:48:47.830] :operation_code: [0x1]
[MOD_UNDIFINE   ][trace  ][08:48:47.022] :mac_sender:   [b2:95:9d:ce:ba:a1]
[MOD_UNDIFINE   ][trace  ][08:48:47.223] :mac_receiver: [ff:ff:ff:ff:ff:ff]
[MOD_UNDIFINE   ][trace  ][08:48:47.371] :ip_sender:    [172.18.119.1]
[MOD_UNDIFINE   ][trace  ][08:48:47.535] :ip_receiver:    [255.255.255.255]
[MOD_UNDIFINE   ][trace  ][08:48:47.734] :padding:     [zenreq,AC127701,B2959DCEBAA1]
[MOD_UNDIFINE   ][trace  ][08:48:47.930] :Send Arp struct: >>>>>>>>========
[MOD_UNDIFINE   ][trace  ][08:48:47.093] :Send Arp struct: ========>>>>>>>>
[MOD_UNDIFINE   ][trace  ][08:48:47.229] :mac_target:     [00:e0:4c:38:a8:39]
[MOD_UNDIFINE   ][trace  ][08:48:47.316] :mac_source:     [00:87:17:11:00:55]
[MOD_UNDIFINE   ][trace  ][08:48:47.395] :ethertype:      [0x806]
[MOD_UNDIFINE   ][trace  ][08:48:47.522] :hw_type:        [0x1]
[MOD_UNDIFINE   ][trace  ][08:48:47.592] :proto_type:     [0x800]
[MOD_UNDIFINE   ][trace  ][08:48:47.646] :mac_addr_len:   [6]
[MOD_UNDIFINE   ][trace  ][08:48:47.738] :ip_addr_len:    [4]
[MOD_UNDIFINE   ][trace  ][08:48:47.802] :operation_code: [0x2]
[MOD_UNDIFINE   ][trace  ][08:48:47.856] :mac_sender:     [00:87:17:11:00:55]
[MOD_UNDIFINE   ][trace  ][08:48:47.910] :mac_receiver:   [00:e0:4c:38:a8:39]
[MOD_UNDIFINE   ][trace  ][08:48:47.012] :ip_sender:      [192.168.1.2]
[MOD_UNDIFINE   ][trace  ][08:48:47.067] :ip_receiver:    [172.18.119.1]
[MOD_UNDIFINE   ][trace  ][08:48:47.121] :padding:        [zenres,3,c0a80102,ffffff00,c0a80101]
[MOD_UNDIFINE   ][trace  ][08:48:47.173] :Send Arp struct: <<<<<<<<========
[MOD_UNDIFINE   ][trace  ][08:48:48.026] :Send Arp struct: ========>>>>>>>>
[MOD_UNDIFINE   ][trace  ][08:48:48.214] :mac_target:     [00:e0:4c:38:a8:39]
[MOD_UNDIFINE   ][trace  ][08:48:48.419] :mac_source:     [00:87:17:11:00:55]
[MOD_UNDIFINE   ][trace  ][08:48:48.476] :ethertype:      [0x806]
[MOD_UNDIFINE   ][trace  ][08:48:48.530] :hw_type:        [0x1]
[MOD_UNDIFINE   ][trace  ][08:48:48.585] :proto_type:     [0x800]
[MOD_UNDIFINE   ][trace  ][08:48:48.640] :mac_addr_len:   [6]
[MOD_UNDIFINE   ][trace  ][08:48:48.694] :ip_addr_len:    [4]
[MOD_UNDIFINE   ][trace  ][08:48:48.785] :operation_code: [0x2]
[MOD_UNDIFINE   ][trace  ][08:48:48.853] :mac_sender:     [00:87:17:11:00:55]
[MOD_UNDIFINE   ][trace  ][08:48:48.907] :mac_receiver:   [00:e0:4c:38:a8:39]
[MOD_UNDIFINE   ][trace  ][08:48:48.961] :ip_sender:      [192.168.1.2]
[MOD_UNDIFINE   ][trace  ][08:48:48.014] :ip_receiver:    [172.18.119.1]
[MOD_UNDIFINE   ][trace  ][08:48:48.068] :padding:        [zenres,3,c0a80102,ffffff00,c0a80101]
[MOD_UNDIFINE   ][trace  ][08:48:48.122] :Send Arp struct: <<<<<<<<========
[MOD_UNDIFINE   ][trace  ][08:50:48.033] :Send Arp struct: ========>>>>>>>>
[MOD_UNDIFINE   ][trace  ][08:50:48.363] :mac_target:   [ff:ff:ff:ff:ff:ff]
[MOD_UNDIFINE   ][trace  ][08:50:48.545] :mac_source:   [00:e0:4c:38:a8:39]
[MOD_UNDIFINE   ][trace  ][08:50:48.730] :ethertype:  [0x806]
[MOD_UNDIFINE   ][trace  ][08:50:48.923] :hw_type:    [0x1]
[MOD_UNDIFINE   ][trace  ][08:50:48.090] :proto_type: [0x800]
[MOD_UNDIFINE   ][trace  ][08:50:48.268] :mac_addr_len: [6]
[MOD_UNDIFINE   ][trace  ][08:50:48.473] :ip_addr_len:  [4]
[MOD_UNDIFINE   ][trace  ][08:50:48.637] :operation_code: [0x1]
[MOD_UNDIFINE   ][trace  ][08:50:48.783] :mac_sender:   [b2:95:9d:ce:ba:a1]
[MOD_UNDIFINE   ][trace  ][08:50:48.951] :mac_receiver: [ff:ff:ff:ff:ff:ff]
[MOD_UNDIFINE   ][trace  ][08:50:48.121] :ip_sender:    [172.18.119.1]
[MOD_UNDIFINE   ][trace  ][08:50:48.266] :ip_receiver:    [255.255.255.255]
[MOD_UNDIFINE   ][trace  ][08:50:48.436] :padding:     [zenreq,AC127701,B2959DCEBAA1]
[MOD_UNDIFINE   ][trace  ][08:50:48.602] :Send Arp struct: >>>>>>>>========
[MOD_UNDIFINE   ][trace  ][08:50:49.820] :Send Arp struct: ========>>>>>>>>
[MOD_UNDIFINE   ][trace  ][08:50:49.998] :mac_target:     [00:e0:4c:38:a8:39]
[MOD_UNDIFINE   ][trace  ][08:50:49.115] :mac_source:     [00:87:17:11:00:55]
[MOD_UNDIFINE   ][trace  ][08:50:49.203] :ethertype:      [0x806]
[MOD_UNDIFINE   ][trace  ][08:50:49.369] :hw_type:        [0x1]
[MOD_UNDIFINE   ][trace  ][08:50:49.477] :proto_type:     [0x800]
[MOD_UNDIFINE   ][trace  ][08:50:49.635] :mac_addr_len:   [6]
[MOD_UNDIFINE   ][trace  ][08:50:49.721] :ip_addr_len:    [4]
[MOD_UNDIFINE   ][trace  ][08:50:49.829] :operation_code: [0x2]
[MOD_UNDIFINE   ][trace  ][08:50:49.913] :mac_sender:     [00:87:17:11:00:55]
[MOD_UNDIFINE   ][trace  ][08:50:49.055] :mac_receiver:   [00:e0:4c:38:a8:39]
[MOD_UNDIFINE   ][trace  ][08:50:49.141] :ip_sender:      [192.168.1.2]
[MOD_UNDIFINE   ][trace  ][08:50:49.250] :ip_receiver:    [172.18.119.1]
[MOD_UNDIFINE   ][trace  ][08:50:49.394] :padding:        [zenres,3,c0a80102,ffffff00,c0a80101]
[MOD_UNDIFINE   ][trace  ][08:50:49.502] :Send Arp struct: <<<<<<<<========
[MOD_UNDIFINE   ][trace  ][09:32:12.837] :Send Arp struct: ========>>>>>>>>
[MOD_UNDIFINE   ][trace  ][09:32:12.434] :mac_target:   [ff:ff:ff:ff:ff:ff]
[MOD_UNDIFINE   ][trace  ][09:32:12.666] :mac_source:   [00:e0:4c:38:a8:39]
[MOD_UNDIFINE   ][trace  ][09:32:12.828] :ethertype:  [0x806]
[MOD_UNDIFINE   ][trace  ][09:32:12.083] :hw_type:    [0x1]
[MOD_UNDIFINE   ][trace  ][09:32:12.289] :proto_type: [0x800]
[MOD_UNDIFINE   ][trace  ][09:32:12.449] :mac_addr_len: [6]
[MOD_UNDIFINE   ][trace  ][09:32:12.595] :ip_addr_len:  [4]
[MOD_UNDIFINE   ][trace  ][09:32:12.834] :operation_code: [0x1]
[MOD_UNDIFINE   ][trace  ][09:32:12.057] :mac_sender:   [00:e0:4c:38:a8:39]
[MOD_UNDIFINE   ][trace  ][09:32:12.243] :mac_receiver: [ff:ff:ff:ff:ff:ff]
[MOD_UNDIFINE   ][trace  ][09:32:12.392] :ip_sender:    [192.168.17.101]
[MOD_UNDIFINE   ][trace  ][09:32:12.579] :ip_receiver:    [255.255.255.255]
[MOD_UNDIFINE   ][trace  ][09:32:12.808] :padding:     [zenreq,C0A81165,00E04C38A839]
[MOD_UNDIFINE   ][trace  ][09:32:12.971] :Send Arp struct: >>>>>>>>========
[MOD_UNDIFINE   ][trace  ][09:32:14.962] :Send Arp struct: ========>>>>>>>>
[MOD_UNDIFINE   ][trace  ][09:32:14.304] :mac_target:     [00:e0:4c:38:a8:39]
[MOD_UNDIFINE   ][trace  ][09:32:14.517] :mac_source:     [00:87:17:11:00:55]
[MOD_UNDIFINE   ][trace  ][09:32:14.707] :ethertype:      [0x806]
[MOD_UNDIFINE   ][trace  ][09:32:14.848] :hw_type:        [0x1]
[MOD_UNDIFINE   ][trace  ][09:32:14.134] :proto_type:     [0x800]
[MOD_UNDIFINE   ][trace  ][09:32:14.325] :mac_addr_len:   [6]
[MOD_UNDIFINE   ][trace  ][09:32:14.525] :ip_addr_len:    [4]
[MOD_UNDIFINE   ][trace  ][09:32:14.656] :operation_code: [0x2]
[MOD_UNDIFINE   ][trace  ][09:32:14.860] :mac_sender:     [00:87:17:11:00:55]
[MOD_UNDIFINE   ][trace  ][09:32:14.024] :mac_receiver:   [00:e0:4c:38:a8:39]
[MOD_UNDIFINE   ][trace  ][09:32:14.325] :ip_sender:      [192.168.1.2]
[MOD_UNDIFINE   ][trace  ][09:32:14.469] :ip_receiver:    [192.168.17.101]
[MOD_UNDIFINE   ][trace  ][09:32:14.668] :padding:        [zenres,3,c0a80102,ffffff00,c0a80101]
[MOD_UNDIFINE   ][trace  ][09:32:14.798] :Send Arp struct: <<<<<<<<========
