[MOD_SYSTEM     ][warning][15:24:00.931] :create App's logdir[log/ip_log] failed,change log to[/media/211/root/2018-7-26/fvd/branches/fvd-nanjing/server]
[MOD_SYSTEM     ][info   ][15:24:00.992] :SizeCheck in [/media/211/root/2018-7-26/fvd/branches/fvd-nanjing/server],Size[0K/1000K]
[MOD_SYSTEM     ][highest][15:24:00.963] :init success,logdir:/media/211/root/2018-7-26/fvd/branches/fvd-nanjing/server
[MOD_UNDIFINE   ][trace  ][15:24:00.752] :success to open listen socket.
[MOD_UNDIFINE   ][trace  ][15:24:35.068] :Send Arp struct: ========>>>>>>>>
[MOD_UNDIFINE   ][trace  ][15:24:35.991] :mac_target:   [ff:ff:ff:ff:ff:ff]
[MOD_UNDIFINE   ][trace  ][15:24:35.692] :mac_source:   [00:e0:4c:38:a8:39]
[MOD_UNDIFINE   ][trace  ][15:24:35.309] :ethertype:  [0x806]
[MOD_UNDIFINE   ][trace  ][15:24:35.297] :hw_type:    [0x1]
[MOD_UNDIFINE   ][trace  ][15:24:35.185] :proto_type: [0x800]
[MOD_UNDIFINE   ][trace  ][15:24:35.904] :mac_addr_len: [6]
[MOD_UNDIFINE   ][trace  ][15:24:35.583] :ip_addr_len:  [4]
[MOD_UNDIFINE   ][trace  ][15:24:35.464] :operation_code: [0x1]
[MOD_UNDIFINE   ][trace  ][15:24:35.962] :mac_sender:   [b2:95:9d:ce:ba:a1]
[MOD_UNDIFINE   ][trace  ][15:24:35.541] :mac_receiver: [ff:ff:ff:ff:ff:ff]
[MOD_UNDIFINE   ][trace  ][15:24:35.437] :ip_sender:    [192.168.17.101]
[MOD_UNDIFINE   ][trace  ][15:24:35.206] :ip_receiver:    [255.255.255.255]
[MOD_UNDIFINE   ][trace  ][15:24:35.691] :padding:     [zenreq,C0A81165,B2959DCEBAA1]
[MOD_UNDIFINE   ][trace  ][15:24:35.145] :Send Arp struct: >>>>>>>>========
[MOD_UNDIFINE   ][trace  ][15:24:36.163] :Send Arp struct: ========>>>>>>>>
[MOD_UNDIFINE   ][trace  ][15:24:36.400] :mac_target:     [00:e0:4c:38:a8:39]
[MOD_UNDIFINE   ][trace  ][15:24:36.461] :mac_source:     [52:54:00:dc:6b:78]
[MOD_UNDIFINE   ][trace  ][15:24:36.106] :ethertype:      [0x806]
[MOD_UNDIFINE   ][trace  ][15:24:36.753] :hw_type:        [0x1]
[MOD_UNDIFINE   ][trace  ][15:24:36.057] :proto_type:     [0x800]
[MOD_UNDIFINE   ][trace  ][15:24:36.855] :mac_addr_len:   [6]
[MOD_UNDIFINE   ][trace  ][15:24:36.001] :ip_addr_len:    [4]
[MOD_UNDIFINE   ][trace  ][15:24:36.877] :operation_code: [0x2]
[MOD_UNDIFINE   ][trace  ][15:24:36.912] :mac_sender:     [52:54:00:dc:6b:78]
[MOD_UNDIFINE   ][trace  ][15:24:36.090] :mac_receiver:   [00:e0:4c:38:a8:39]
[MOD_UNDIFINE   ][trace  ][15:24:36.413] :ip_sender:      [192.168.122.1]
[MOD_UNDIFINE   ][trace  ][15:24:36.221] :ip_receiver:    [192.168.17.101]
[MOD_UNDIFINE   ][trace  ][15:24:36.135] :padding:        [zenres,3,c0a87a01,ffffff00,c0a80101]
[MOD_UNDIFINE   ][trace  ][15:24:36.936] :Send Arp struct: <<<<<<<<========
[MOD_SYSTEM     ][warning][15:28:43.030] :create App's logdir[log/ip_log] failed,change log to[/media/211/root/2018-7-26/fvd/branches/fvd-nanjing/server]
[MOD_SYSTEM     ][highest][15:28:43.004] :init success,logdir:/media/211/root/2018-7-26/fvd/branches/fvd-nanjing/server
[MOD_UNDIFINE   ][trace  ][15:28:43.912] :success to open listen socket.
[MOD_SYSTEM     ][warning][15:31:03.028] :create App's logdir[log/ip_log] failed,change log to[/media/211/root/2018-7-26/fvd/branches/fvd-nanjing/server]
[MOD_SYSTEM     ][highest][15:31:03.567] :init success,logdir:/media/211/root/2018-7-26/fvd/branches/fvd-nanjing/server
[MOD_UNDIFINE   ][trace  ][15:31:03.207] :success to open listen socket.
[MOD_SYSTEM     ][warning][15:31:36.602] :create App's logdir[log/ip_log] failed,change log to[/media/211/root/2018-7-26/fvd/branches/fvd-nanjing/server]
[MOD_SYSTEM     ][highest][15:31:36.208] :init success,logdir:/media/211/root/2018-7-26/fvd/branches/fvd-nanjing/server
[MOD_UNDIFINE   ][trace  ][15:31:36.017] :success to open listen socket.
[MOD_SYSTEM     ][warning][15:31:46.362] :create App's logdir[log/ip_log] failed,change log to[/media/211/root/2018-7-26/fvd/branches/fvd-nanjing/server]
[MOD_SYSTEM     ][highest][15:31:46.397] :init success,logdir:/media/211/root/2018-7-26/fvd/branches/fvd-nanjing/server
[MOD_UNDIFINE   ][trace  ][15:31:46.185] :success to open listen socket.
[MOD_SYSTEM     ][warning][15:32:43.631] :create App's logdir[log/ip_log] failed,change log to[/media/211/root/2018-7-26/fvd/branches/fvd-nanjing/server]
[MOD_SYSTEM     ][highest][15:32:43.321] :init success,logdir:/media/211/root/2018-7-26/fvd/branches/fvd-nanjing/server
[MOD_UNDIFINE   ][trace  ][15:32:43.994] :success to open listen socket.
[MOD_SYSTEM     ][warning][15:33:17.716] :create App's logdir[log/ip_log] failed,change log to[/media/211/root/2018-7-26/fvd/branches/fvd-nanjing/server]
[MOD_SYSTEM     ][highest][15:33:17.101] :init success,logdir:/media/211/root/2018-7-26/fvd/branches/fvd-nanjing/server
[MOD_UNDIFINE   ][trace  ][15:33:17.032] :success to open listen socket.
[MOD_SYSTEM     ][warning][15:33:50.674] :create App's logdir[log/ip_log] failed,change log to[/media/211/root/2018-7-26/fvd/branches/fvd-nanjing/server]
[MOD_SYSTEM     ][highest][15:33:50.214] :init success,logdir:/media/211/root/2018-7-26/fvd/branches/fvd-nanjing/server
[MOD_UNDIFINE   ][trace  ][15:33:50.293] :success to open listen socket.
[MOD_SYSTEM     ][warning][15:34:01.163] :create App's logdir[log/ip_log] failed,change log to[/media/211/root/2018-7-26/fvd/branches/fvd-nanjing/server]
[MOD_SYSTEM     ][highest][15:34:01.549] :init success,logdir:/media/211/root/2018-7-26/fvd/branches/fvd-nanjing/server
[MOD_UNDIFINE   ][trace  ][15:34:01.822] :success to open listen socket.
[MOD_SYSTEM     ][warning][15:34:06.525] :create App's logdir[log/ip_log] failed,change log to[/media/211/root/2018-7-26/fvd/branches/fvd-nanjing/server]
[MOD_SYSTEM     ][highest][15:34:06.666] :init success,logdir:/media/211/root/2018-7-26/fvd/branches/fvd-nanjing/server
[MOD_UNDIFINE   ][trace  ][15:34:06.999] :success to open listen socket.
[MOD_UNDIFINE   ][trace  ][15:34:11.293] :Send Arp struct: ========>>>>>>>>
[MOD_UNDIFINE   ][trace  ][15:34:11.938] :mac_target:   [ff:ff:ff:ff:ff:ff]
[MOD_UNDIFINE   ][trace  ][15:34:11.271] :mac_source:   [00:e0:4c:38:a8:39]
[MOD_UNDIFINE   ][trace  ][15:34:11.024] :ethertype:  [0x806]
[MOD_UNDIFINE   ][trace  ][15:34:11.097] :hw_type:    [0x1]
[MOD_UNDIFINE   ][trace  ][15:34:11.040] :proto_type: [0x800]
[MOD_UNDIFINE   ][trace  ][15:34:11.425] :mac_addr_len: [6]
[MOD_UNDIFINE   ][trace  ][15:34:11.542] :ip_addr_len:  [4]
[MOD_UNDIFINE   ][trace  ][15:34:11.775] :operation_code: [0x1]
[MOD_UNDIFINE   ][trace  ][15:34:11.247] :mac_sender:   [00:e0:4c:38:a8:39]
[MOD_UNDIFINE   ][trace  ][15:34:11.947] :mac_receiver: [ff:ff:ff:ff:ff:ff]
[MOD_UNDIFINE   ][trace  ][15:34:11.546] :ip_sender:    [192.168.17.101]
[MOD_UNDIFINE   ][trace  ][15:34:11.966] :ip_receiver:    [255.255.255.255]
[MOD_UNDIFINE   ][trace  ][15:34:11.039] :padding:     [zenreq,C0A81165,00E04C38A839]
[MOD_UNDIFINE   ][trace  ][15:34:11.635] :Send Arp struct: >>>>>>>>========
[MOD_UNDIFINE   ][trace  ][15:34:12.136] :Send Arp struct: ========>>>>>>>>
[MOD_UNDIFINE   ][trace  ][15:34:12.383] :mac_target:     [00:e0:4c:38:a8:39]
[MOD_UNDIFINE   ][trace  ][15:34:12.268] :mac_source:     [00:87:17:11:00:55]
[MOD_UNDIFINE   ][trace  ][15:34:12.118] :ethertype:      [0x806]
[MOD_UNDIFINE   ][trace  ][15:34:12.731] :hw_type:        [0x1]
[MOD_UNDIFINE   ][trace  ][15:34:12.738] :proto_type:     [0x800]
[MOD_UNDIFINE   ][trace  ][15:34:12.084] :mac_addr_len:   [6]
[MOD_UNDIFINE   ][trace  ][15:34:12.220] :ip_addr_len:    [4]
[MOD_UNDIFINE   ][trace  ][15:34:12.102] :operation_code: [0x2]
[MOD_UNDIFINE   ][trace  ][15:34:12.227] :mac_sender:     [00:87:17:11:00:55]
[MOD_UNDIFINE   ][trace  ][15:34:12.374] :mac_receiver:   [00:e0:4c:38:a8:39]
[MOD_UNDIFINE   ][trace  ][15:34:12.921] :ip_sender:      [192.168.1.2]
[MOD_UNDIFINE   ][trace  ][15:34:12.266] :ip_receiver:    [192.168.17.101]
[MOD_UNDIFINE   ][trace  ][15:34:12.447] :padding:        [zenres,3,c0a80102,ffffff00,c0a80101]
[MOD_UNDIFINE   ][trace  ][15:34:12.754] :Send Arp struct: <<<<<<<<========
[MOD_UNDIFINE   ][trace  ][15:34:30.718] :Send Arp struct: ========>>>>>>>>
[MOD_UNDIFINE   ][trace  ][15:34:31.054] :mac_target:   [ff:ff:ff:ff:ff:ff]
[MOD_UNDIFINE   ][trace  ][15:34:31.566] :mac_source:   [00:e0:4c:38:a8:39]
[MOD_UNDIFINE   ][trace  ][15:34:31.237] :ethertype:  [0x806]
[MOD_UNDIFINE   ][trace  ][15:34:31.317] :hw_type:    [0x1]
[MOD_UNDIFINE   ][trace  ][15:34:31.405] :proto_type: [0x800]
[MOD_UNDIFINE   ][trace  ][15:34:31.388] :mac_addr_len: [6]
[MOD_UNDIFINE   ][trace  ][15:34:31.527] :ip_addr_len:  [4]
[MOD_UNDIFINE   ][trace  ][15:34:31.393] :operation_code: [0x1]
[MOD_UNDIFINE   ][trace  ][15:34:31.410] :mac_sender:   [00:e0:4c:38:a8:39]
[MOD_UNDIFINE   ][trace  ][15:34:31.915] :mac_receiver: [ff:ff:ff:ff:ff:ff]
[MOD_UNDIFINE   ][trace  ][15:34:31.860] :ip_sender:    [192.168.17.101]
[MOD_UNDIFINE   ][trace  ][15:34:31.388] :ip_receiver:    [255.255.255.255]
[MOD_UNDIFINE   ][trace  ][15:34:31.546] :padding:     [zenreq,C0A81165,00E04C38A839]
[MOD_UNDIFINE   ][trace  ][15:34:31.680] :Send Arp struct: >>>>>>>>========
[MOD_UNDIFINE   ][trace  ][15:34:32.904] :Send Arp struct: ========>>>>>>>>
[MOD_UNDIFINE   ][trace  ][15:34:32.107] :mac_target:     [00:e0:4c:38:a8:39]
[MOD_UNDIFINE   ][trace  ][15:34:32.792] :mac_source:     [00:87:17:11:00:55]
[MOD_UNDIFINE   ][trace  ][15:34:32.131] :ethertype:      [0x806]
[MOD_UNDIFINE   ][trace  ][15:34:32.722] :hw_type:        [0x1]
[MOD_UNDIFINE   ][trace  ][15:34:32.267] :proto_type:     [0x800]
[MOD_UNDIFINE   ][trace  ][15:34:32.572] :mac_addr_len:   [6]
[MOD_UNDIFINE   ][trace  ][15:34:32.330] :ip_addr_len:    [4]
[MOD_UNDIFINE   ][trace  ][15:34:32.061] :operation_code: [0x2]
[MOD_UNDIFINE   ][trace  ][15:34:32.545] :mac_sender:     [00:87:17:11:00:55]
[MOD_UNDIFINE   ][trace  ][15:34:32.233] :mac_receiver:   [00:e0:4c:38:a8:39]
[MOD_UNDIFINE   ][trace  ][15:34:32.478] :ip_sender:      [192.168.1.2]
[MOD_UNDIFINE   ][trace  ][15:34:32.158] :ip_receiver:    [192.168.17.101]
[MOD_UNDIFINE   ][trace  ][15:34:32.711] :padding:        [zenres,3,c0a80102,ffffff00,c0a80101]
[MOD_UNDIFINE   ][trace  ][15:34:32.289] :Send Arp struct: <<<<<<<<========
[MOD_UNDIFINE   ][trace  ][15:36:49.079] :Send Arp struct: ========>>>>>>>>
[MOD_UNDIFINE   ][trace  ][15:36:49.567] :mac_target:   [ff:ff:ff:ff:ff:ff]
[MOD_UNDIFINE   ][trace  ][15:36:49.322] :mac_source:   [00:e0:4c:38:a8:39]
[MOD_UNDIFINE   ][trace  ][15:36:49.381] :ethertype:  [0x806]
[MOD_UNDIFINE   ][trace  ][15:36:49.047] :hw_type:    [0x1]
[MOD_UNDIFINE   ][trace  ][15:36:49.205] :proto_type: [0x800]
[MOD_UNDIFINE   ][trace  ][15:36:49.655] :mac_addr_len: [6]
[MOD_UNDIFINE   ][trace  ][15:36:49.094] :ip_addr_len:  [4]
[MOD_UNDIFINE   ][trace  ][15:36:49.607] :operation_code: [0x1]
[MOD_UNDIFINE   ][trace  ][15:36:49.621] :mac_sender:   [b2:95:9d:ce:ba:a1]
[MOD_UNDIFINE   ][trace  ][15:36:49.841] :mac_receiver: [ff:ff:ff:ff:ff:ff]
[MOD_UNDIFINE   ][trace  ][15:36:49.944] :ip_sender:    [172.27.35.1]
[MOD_UNDIFINE   ][trace  ][15:36:49.500] :ip_receiver:    [255.255.255.255]
[MOD_UNDIFINE   ][trace  ][15:36:49.940] :padding:     [zenreq,AC1B2301,B2959DCEBAA1]
[MOD_UNDIFINE   ][trace  ][15:36:49.993] :Send Arp struct: >>>>>>>>========
[MOD_UNDIFINE   ][trace  ][15:36:50.963] :Send Arp struct: ========>>>>>>>>
[MOD_UNDIFINE   ][trace  ][15:36:50.403] :mac_target:     [00:e0:4c:38:a8:39]
[MOD_UNDIFINE   ][trace  ][15:36:50.077] :mac_source:     [00:87:17:11:00:55]
[MOD_UNDIFINE   ][trace  ][15:36:50.423] :ethertype:      [0x806]
[MOD_UNDIFINE   ][trace  ][15:36:50.435] :hw_type:        [0x1]
[MOD_UNDIFINE   ][trace  ][15:36:50.016] :proto_type:     [0x800]
[MOD_UNDIFINE   ][trace  ][15:36:50.614] :mac_addr_len:   [6]
[MOD_UNDIFINE   ][trace  ][15:36:50.078] :ip_addr_len:    [4]
[MOD_UNDIFINE   ][trace  ][15:36:50.631] :operation_code: [0x2]
[MOD_UNDIFINE   ][trace  ][15:36:50.002] :mac_sender:     [00:87:17:11:00:55]
[MOD_UNDIFINE   ][trace  ][15:36:50.014] :mac_receiver:   [00:e0:4c:38:a8:39]
[MOD_UNDIFINE   ][trace  ][15:36:50.704] :ip_sender:      [192.168.1.2]
[MOD_UNDIFINE   ][trace  ][15:36:50.661] :ip_receiver:    [172.27.35.1]
[MOD_UNDIFINE   ][trace  ][15:36:50.599] :padding:        [zenres,3,c0a80102,ffffff00,c0a80101]
[MOD_UNDIFINE   ][trace  ][15:36:50.117] :Send Arp struct: <<<<<<<<========
[MOD_SYSTEM     ][warning][15:42:43.467] :create App's logdir[log/ip_log] failed,change log to[/media/211/root/2018-7-26/fvd/branches/fvd-nanjing/server]
[MOD_SYSTEM     ][highest][15:42:43.621] :init success,logdir:/media/211/root/2018-7-26/fvd/branches/fvd-nanjing/server
[MOD_UNDIFINE   ][trace  ][15:42:43.109] :success to open listen socket.
[MOD_UNDIFINE   ][trace  ][17:02:31.715] :Send Arp struct: ========>>>>>>>>
[MOD_UNDIFINE   ][trace  ][17:02:31.406] :mac_target:   [ff:ff:ff:ff:ff:ff]
[MOD_UNDIFINE   ][trace  ][17:02:31.576] :mac_source:   [00:e0:4c:38:a8:39]
[MOD_UNDIFINE   ][trace  ][17:02:31.394] :ethertype:  [0x806]
[MOD_UNDIFINE   ][trace  ][17:02:31.077] :hw_type:    [0x1]
[MOD_UNDIFINE   ][trace  ][17:02:31.692] :proto_type: [0x800]
[MOD_UNDIFINE   ][trace  ][17:02:31.917] :mac_addr_len: [6]
[MOD_UNDIFINE   ][trace  ][17:02:31.607] :ip_addr_len:  [4]
[MOD_UNDIFINE   ][trace  ][17:02:31.714] :operation_code: [0x1]
[MOD_UNDIFINE   ][trace  ][17:02:31.624] :mac_sender:   [b2:95:9d:ce:ba:a1]
[MOD_UNDIFINE   ][trace  ][17:02:31.374] :mac_receiver: [ff:ff:ff:ff:ff:ff]
[MOD_UNDIFINE   ][trace  ][17:02:31.046] :ip_sender:    [172.27.35.1]
[MOD_UNDIFINE   ][trace  ][17:02:31.013] :ip_receiver:    [255.255.255.255]
[MOD_UNDIFINE   ][trace  ][17:02:31.930] :padding:     [zenreq,AC1B2301,B2959DCEBAA1]
[MOD_UNDIFINE   ][trace  ][17:02:31.907] :Send Arp struct: >>>>>>>>========
[MOD_UNDIFINE   ][trace  ][17:02:32.062] :Send Arp struct: ========>>>>>>>>
[MOD_UNDIFINE   ][trace  ][17:02:32.191] :mac_target:     [00:e0:4c:38:a8:39]
[MOD_UNDIFINE   ][trace  ][17:02:32.784] :mac_source:     [00:87:17:11:00:55]
[MOD_UNDIFINE   ][trace  ][17:02:32.776] :ethertype:      [0x806]
[MOD_UNDIFINE   ][trace  ][17:02:32.941] :hw_type:        [0x1]
[MOD_UNDIFINE   ][trace  ][17:02:32.749] :proto_type:     [0x800]
[MOD_UNDIFINE   ][trace  ][17:02:32.844] :mac_addr_len:   [6]
[MOD_UNDIFINE   ][trace  ][17:02:32.249] :ip_addr_len:    [4]
[MOD_UNDIFINE   ][trace  ][17:02:32.049] :operation_code: [0x2]
[MOD_UNDIFINE   ][trace  ][17:02:32.834] :mac_sender:     [00:87:17:11:00:55]
[MOD_UNDIFINE   ][trace  ][17:02:32.158] :mac_receiver:   [00:e0:4c:38:a8:39]
[MOD_UNDIFINE   ][trace  ][17:02:32.816] :ip_sender:      [192.168.1.2]
[MOD_UNDIFINE   ][trace  ][17:02:32.343] :ip_receiver:    [172.27.35.1]
[MOD_UNDIFINE   ][trace  ][17:02:32.350] :padding:        [zenres,3,c0a80102,ffffff00,c0a80101]
[MOD_UNDIFINE   ][trace  ][17:02:32.328] :Send Arp struct: <<<<<<<<========
