[MOD_SYSTEM     ][warning][10:43:39.638] :create App's logdir[log/ip_log] failed,change log to[/root/2018-8-7/server]
[MOD_SYSTEM     ][info   ][10:43:39.384] :SizeCheck in [/root/2018-8-7/server],Size[31K/1000K]
[MOD_SYSTEM     ][highest][10:43:39.549] :init success,logdir:/root/2018-8-7/server
[MOD_UNDIFINE   ][trace  ][10:43:39.695] :success to open listen socket.
[MOD_UNDIFINE   ][trace  ][10:43:56.600] :Send Arp struct: ========>>>>>>>>
[MOD_UNDIFINE   ][trace  ][10:43:56.868] :mac_target:   [ff:ff:ff:ff:ff:ff]
[MOD_UNDIFINE   ][trace  ][10:43:56.022] :mac_source:   [00:e0:4c:38:a8:39]
[MOD_UNDIFINE   ][trace  ][10:43:56.229] :ethertype:  [0x806]
[MOD_UNDIFINE   ][trace  ][10:43:56.415] :hw_type:    [0x1]
[MOD_UNDIFINE   ][trace  ][10:43:56.601] :proto_type: [0x800]
[MOD_UNDIFINE   ][trace  ][10:43:56.780] :mac_addr_len: [6]
[MOD_UNDIFINE   ][trace  ][10:43:56.940] :ip_addr_len:  [4]
[MOD_UNDIFINE   ][trace  ][10:43:56.161] :operation_code: [0x1]
[MOD_UNDIFINE   ][trace  ][10:43:56.308] :mac_sender:   [b2:95:9d:ce:ba:a1]
[MOD_UNDIFINE   ][trace  ][10:43:56.496] :mac_receiver: [ff:ff:ff:ff:ff:ff]
[MOD_UNDIFINE   ][trace  ][10:43:56.707] :ip_sender:    [172.18.119.1]
[MOD_UNDIFINE   ][trace  ][10:43:56.890] :ip_receiver:    [255.255.255.255]
[MOD_UNDIFINE   ][trace  ][10:43:56.074] :padding:     [zenreq,AC127701,B2959DCEBAA1]
[MOD_UNDIFINE   ][trace  ][10:43:56.294] :Send Arp struct: >>>>>>>>========
[MOD_UNDIFINE   ][trace  ][10:43:57.112] :Send Arp struct: ========>>>>>>>>
[MOD_UNDIFINE   ][trace  ][10:43:57.408] :mac_target:     [00:e0:4c:38:a8:39]
[MOD_UNDIFINE   ][trace  ][10:43:57.564] :mac_source:     [00:87:17:11:00:55]
[MOD_UNDIFINE   ][trace  ][10:43:57.740] :ethertype:      [0x806]
[MOD_UNDIFINE   ][trace  ][10:43:57.886] :hw_type:        [0x1]
[MOD_UNDIFINE   ][trace  ][10:43:57.053] :proto_type:     [0x800]
[MOD_UNDIFINE   ][trace  ][10:43:57.258] :mac_addr_len:   [6]
[MOD_UNDIFINE   ][trace  ][10:43:57.429] :ip_addr_len:    [4]
[MOD_UNDIFINE   ][trace  ][10:43:57.575] :operation_code: [0x2]
[MOD_UNDIFINE   ][trace  ][10:43:57.716] :mac_sender:     [00:87:17:11:00:55]
[MOD_UNDIFINE   ][trace  ][10:43:57.859] :mac_receiver:   [00:e0:4c:38:a8:39]
[MOD_UNDIFINE   ][trace  ][10:43:57.003] :ip_sender:      [192.168.1.2]
[MOD_UNDIFINE   ][trace  ][10:43:57.145] :ip_receiver:    [172.18.119.1]
[MOD_UNDIFINE   ][trace  ][10:43:57.287] :padding:        [zenres,3,c0a80102,ffffff00,c0a80101]
[MOD_UNDIFINE   ][trace  ][10:43:57.432] :Send Arp struct: <<<<<<<<========
[MOD_UNDIFINE   ][trace  ][10:44:10.489] :Send Arp struct: ========>>>>>>>>
[MOD_UNDIFINE   ][trace  ][10:44:10.753] :mac_target:   [ff:ff:ff:ff:ff:ff]
[MOD_UNDIFINE   ][trace  ][10:44:10.913] :mac_source:   [00:e0:4c:38:a8:39]
[MOD_UNDIFINE   ][trace  ][10:44:10.059] :ethertype:  [0x806]
[MOD_UNDIFINE   ][trace  ][10:44:10.238] :hw_type:    [0x1]
[MOD_UNDIFINE   ][trace  ][10:44:10.370] :proto_type: [0x800]
[MOD_UNDIFINE   ][trace  ][10:44:10.501] :mac_addr_len: [6]
[MOD_UNDIFINE   ][trace  ][10:44:10.633] :ip_addr_len:  [4]
[MOD_UNDIFINE   ][trace  ][10:44:10.764] :operation_code: [0x1]
[MOD_UNDIFINE   ][trace  ][10:44:10.895] :mac_sender:   [00:e0:4c:38:a8:39]
[MOD_UNDIFINE   ][trace  ][10:44:10.029] :mac_receiver: [ff:ff:ff:ff:ff:ff]
[MOD_UNDIFINE   ][trace  ][10:44:10.163] :ip_sender:    [192.168.17.101]
[MOD_UNDIFINE   ][trace  ][10:44:10.359] :ip_receiver:    [255.255.255.255]
[MOD_UNDIFINE   ][trace  ][10:44:10.501] :padding:     [zenreq,C0A81165,00E04C38A839]
[MOD_UNDIFINE   ][trace  ][10:44:10.641] :Send Arp struct: >>>>>>>>========
[MOD_UNDIFINE   ][trace  ][10:44:11.478] :Send Arp struct: ========>>>>>>>>
[MOD_UNDIFINE   ][trace  ][10:44:11.719] :mac_target:     [00:e0:4c:38:a8:39]
[MOD_UNDIFINE   ][trace  ][10:44:11.871] :mac_source:     [00:87:17:11:00:55]
[MOD_UNDIFINE   ][trace  ][10:44:11.046] :ethertype:      [0x806]
[MOD_UNDIFINE   ][trace  ][10:44:11.192] :hw_type:        [0x1]
[MOD_UNDIFINE   ][trace  ][10:44:11.384] :proto_type:     [0x800]
[MOD_UNDIFINE   ][trace  ][10:44:11.527] :mac_addr_len:   [6]
[MOD_UNDIFINE   ][trace  ][10:44:11.709] :ip_addr_len:    [4]
[MOD_UNDIFINE   ][trace  ][10:44:11.923] :operation_code: [0x2]
[MOD_UNDIFINE   ][trace  ][10:44:11.069] :mac_sender:     [00:87:17:11:00:55]
[MOD_UNDIFINE   ][trace  ][10:44:11.307] :mac_receiver:   [00:e0:4c:38:a8:39]
[MOD_UNDIFINE   ][trace  ][10:44:11.455] :ip_sender:      [192.168.1.2]
[MOD_UNDIFINE   ][trace  ][10:44:11.626] :ip_receiver:    [192.168.17.101]
[MOD_UNDIFINE   ][trace  ][10:44:11.769] :padding:        [zenres,3,c0a80102,ffffff00,c0a80101]
[MOD_UNDIFINE   ][trace  ][10:44:11.940] :Send Arp struct: <<<<<<<<========
[MOD_UNDIFINE   ][trace  ][10:49:25.924] :Send Arp struct: ========>>>>>>>>
[MOD_UNDIFINE   ][trace  ][10:49:25.264] :mac_target:   [ff:ff:ff:ff:ff:ff]
[MOD_UNDIFINE   ][trace  ][10:49:25.423] :mac_source:   [6c:4b:90:39:c4:d3]
[MOD_UNDIFINE   ][trace  ][10:49:25.559] :ethertype:  [0x806]
[MOD_UNDIFINE   ][trace  ][10:49:25.693] :hw_type:    [0x1]
[MOD_UNDIFINE   ][trace  ][10:49:25.825] :proto_type: [0x800]
[MOD_UNDIFINE   ][trace  ][10:49:25.959] :mac_addr_len: [6]
[MOD_UNDIFINE   ][trace  ][10:49:25.090] :ip_addr_len:  [4]
[MOD_UNDIFINE   ][trace  ][10:49:25.223] :operation_code: [0x1]
[MOD_UNDIFINE   ][trace  ][10:49:25.354] :mac_sender:   [6c:4b:90:39:c4:d3]
[MOD_UNDIFINE   ][trace  ][10:49:25.488] :mac_receiver: [ff:ff:ff:ff:ff:ff]
[MOD_UNDIFINE   ][trace  ][10:49:25.622] :ip_sender:    [192.168.1.204]
[MOD_UNDIFINE   ][trace  ][10:49:25.755] :ip_receiver:    [255.255.255.255]
[MOD_UNDIFINE   ][trace  ][10:49:25.888] :padding:     [zenreq,C0A801CC,6C4B9039C4D3]
[MOD_UNDIFINE   ][trace  ][10:49:25.019] :Send Arp struct: >>>>>>>>========
[MOD_UNDIFINE   ][trace  ][10:49:27.937] :Send Arp struct: ========>>>>>>>>
[MOD_UNDIFINE   ][trace  ][10:49:27.200] :mac_target:     [6c:4b:90:39:c4:d3]
[MOD_UNDIFINE   ][trace  ][10:49:27.351] :mac_source:     [00:87:17:11:00:55]
[MOD_UNDIFINE   ][trace  ][10:49:27.525] :ethertype:      [0x806]
[MOD_UNDIFINE   ][trace  ][10:49:27.669] :hw_type:        [0x1]
[MOD_UNDIFINE   ][trace  ][10:49:27.839] :proto_type:     [0x800]
[MOD_UNDIFINE   ][trace  ][10:49:27.983] :mac_addr_len:   [6]
[MOD_UNDIFINE   ][trace  ][10:49:27.150] :ip_addr_len:    [4]
[MOD_UNDIFINE   ][trace  ][10:49:27.403] :operation_code: [0x2]
[MOD_UNDIFINE   ][trace  ][10:49:27.548] :mac_sender:     [00:87:17:11:00:55]
[MOD_UNDIFINE   ][trace  ][10:49:27.691] :mac_receiver:   [6c:4b:90:39:c4:d3]
[MOD_UNDIFINE   ][trace  ][10:49:27.833] :ip_sender:      [192.168.1.2]
[MOD_UNDIFINE   ][trace  ][10:49:27.975] :ip_receiver:    [192.168.1.204]
[MOD_UNDIFINE   ][trace  ][10:49:27.117] :padding:        [zenres,3,c0a80102,ffffff00,c0a80101]
[MOD_UNDIFINE   ][trace  ][10:49:27.260] :Send Arp struct: <<<<<<<<========
[MOD_UNDIFINE   ][trace  ][10:49:51.638] :Send Arp struct: ========>>>>>>>>
[MOD_UNDIFINE   ][trace  ][10:49:51.919] :mac_target:   [ff:ff:ff:ff:ff:ff]
[MOD_UNDIFINE   ][trace  ][10:49:51.114] :mac_source:   [6c:4b:90:39:c4:d3]
[MOD_UNDIFINE   ][trace  ][10:49:51.328] :ethertype:  [0x806]
[MOD_UNDIFINE   ][trace  ][10:49:51.642] :hw_type:    [0x1]
[MOD_UNDIFINE   ][trace  ][10:49:51.816] :proto_type: [0x800]
[MOD_UNDIFINE   ][trace  ][10:49:51.962] :mac_addr_len: [6]
[MOD_UNDIFINE   ][trace  ][10:49:51.103] :ip_addr_len:  [4]
[MOD_UNDIFINE   ][trace  ][10:49:51.273] :operation_code: [0x1]
[MOD_UNDIFINE   ][trace  ][10:49:51.417] :mac_sender:   [6c:4b:90:39:c4:d3]
[MOD_UNDIFINE   ][trace  ][10:49:51.611] :mac_receiver: [ff:ff:ff:ff:ff:ff]
[MOD_UNDIFINE   ][trace  ][10:49:51.758] :ip_sender:    [192.168.1.204]
[MOD_UNDIFINE   ][trace  ][10:49:51.928] :ip_receiver:    [255.255.255.255]
[MOD_UNDIFINE   ][trace  ][10:49:51.073] :padding:     [zenreq,C0A801CC,6C4B9039C4D3]
[MOD_UNDIFINE   ][trace  ][10:49:51.215] :Send Arp struct: >>>>>>>>========
[MOD_UNDIFINE   ][trace  ][10:49:51.368] :Send Arp struct: ========>>>>>>>>
[MOD_UNDIFINE   ][trace  ][10:49:51.672] :mac_target:     [6c:4b:90:39:c4:d3]
[MOD_UNDIFINE   ][trace  ][10:49:51.825] :mac_source:     [00:87:17:11:00:55]
[MOD_UNDIFINE   ][trace  ][10:49:51.004] :ethertype:      [0x806]
[MOD_UNDIFINE   ][trace  ][10:49:51.238] :hw_type:        [0x1]
[MOD_UNDIFINE   ][trace  ][10:49:51.474] :proto_type:     [0x800]
[MOD_UNDIFINE   ][trace  ][10:49:51.623] :mac_addr_len:   [6]
[MOD_UNDIFINE   ][trace  ][10:49:51.765] :ip_addr_len:    [4]
[MOD_UNDIFINE   ][trace  ][10:49:51.907] :operation_code: [0x2]
[MOD_UNDIFINE   ][trace  ][10:49:51.049] :mac_sender:     [00:87:17:11:00:55]
[MOD_UNDIFINE   ][trace  ][10:49:51.194] :mac_receiver:   [6c:4b:90:39:c4:d3]
[MOD_UNDIFINE   ][trace  ][10:49:51.336] :ip_sender:      [192.168.1.2]
[MOD_UNDIFINE   ][trace  ][10:49:51.478] :ip_receiver:    [192.168.1.204]
[MOD_UNDIFINE   ][trace  ][10:49:51.622] :padding:        [zenres,3,c0a80102,ffffff00,c0a80101]
[MOD_UNDIFINE   ][trace  ][10:49:51.763] :Send Arp struct: <<<<<<<<========
[MOD_UNDIFINE   ][trace  ][10:50:22.418] :Send Arp struct: ========>>>>>>>>
[MOD_UNDIFINE   ][trace  ][10:50:22.699] :mac_target:   [ff:ff:ff:ff:ff:ff]
[MOD_UNDIFINE   ][trace  ][10:50:22.890] :mac_source:   [6c:4b:90:39:c4:d3]
[MOD_UNDIFINE   ][trace  ][10:50:22.038] :ethertype:  [0x806]
[MOD_UNDIFINE   ][trace  ][10:50:22.267] :hw_type:    [0x1]
[MOD_UNDIFINE   ][trace  ][10:50:22.418] :proto_type: [0x800]
[MOD_UNDIFINE   ][trace  ][10:50:22.588] :mac_addr_len: [6]
[MOD_UNDIFINE   ][trace  ][10:50:22.735] :ip_addr_len:  [4]
[MOD_UNDIFINE   ][trace  ][10:50:22.879] :operation_code: [0x1]
[MOD_UNDIFINE   ][trace  ][10:50:22.051] :mac_sender:   [6c:4b:90:39:c4:d3]
[MOD_UNDIFINE   ][trace  ][10:50:22.234] :mac_receiver: [ff:ff:ff:ff:ff:ff]
[MOD_UNDIFINE   ][trace  ][10:50:22.379] :ip_sender:    [192.168.1.204]
[MOD_UNDIFINE   ][trace  ][10:50:22.550] :ip_receiver:    [255.255.255.255]
[MOD_UNDIFINE   ][trace  ][10:50:22.719] :padding:     [zenreq,C0A801CC,6C4B9039C4D3]
[MOD_UNDIFINE   ][trace  ][10:50:22.862] :Send Arp struct: >>>>>>>>========
[MOD_UNDIFINE   ][trace  ][10:50:23.980] :Send Arp struct: ========>>>>>>>>
[MOD_UNDIFINE   ][trace  ][10:50:23.319] :mac_target:     [6c:4b:90:39:c4:d3]
[MOD_UNDIFINE   ][trace  ][10:50:23.475] :mac_source:     [00:87:17:11:00:55]
[MOD_UNDIFINE   ][trace  ][10:50:23.652] :ethertype:      [0x806]
[MOD_UNDIFINE   ][trace  ][10:50:23.797] :hw_type:        [0x1]
[MOD_UNDIFINE   ][trace  ][10:50:23.967] :proto_type:     [0x800]
[MOD_UNDIFINE   ][trace  ][10:50:23.137] :mac_addr_len:   [6]
[MOD_UNDIFINE   ][trace  ][10:50:23.283] :ip_addr_len:    [4]
[MOD_UNDIFINE   ][trace  ][10:50:23.453] :operation_code: [0x2]
[MOD_UNDIFINE   ][trace  ][10:50:23.628] :mac_sender:     [00:87:17:11:00:55]
[MOD_UNDIFINE   ][trace  ][10:50:23.796] :mac_receiver:   [6c:4b:90:39:c4:d3]
[MOD_UNDIFINE   ][trace  ][10:50:23.941] :ip_sender:      [192.168.1.2]
[MOD_UNDIFINE   ][trace  ][10:50:23.114] :ip_receiver:    [192.168.1.204]
[MOD_UNDIFINE   ][trace  ][10:50:23.308] :padding:        [zenres,3,c0a80102,ffffff00,c0a80101]
[MOD_UNDIFINE   ][trace  ][10:50:23.476] :Send Arp struct: <<<<<<<<========
[MOD_UNDIFINE   ][trace  ][10:50:38.909] :Send Arp struct: ========>>>>>>>>
[MOD_UNDIFINE   ][trace  ][10:50:38.189] :mac_target:   [ff:ff:ff:ff:ff:ff]
[MOD_UNDIFINE   ][trace  ][10:50:38.351] :mac_source:   [6c:4b:90:39:c4:d3]
[MOD_UNDIFINE   ][trace  ][10:50:38.498] :ethertype:  [0x806]
[MOD_UNDIFINE   ][trace  ][10:50:38.643] :hw_type:    [0x1]
[MOD_UNDIFINE   ][trace  ][10:50:38.788] :proto_type: [0x800]
[MOD_UNDIFINE   ][trace  ][10:50:38.933] :mac_addr_len: [6]
[MOD_UNDIFINE   ][trace  ][10:50:38.074] :ip_addr_len:  [4]
[MOD_UNDIFINE   ][trace  ][10:50:38.263] :operation_code: [0x1]
[MOD_UNDIFINE   ][trace  ][10:50:38.409] :mac_sender:   [6c:4b:90:39:c4:d3]
[MOD_UNDIFINE   ][trace  ][10:50:38.599] :mac_receiver: [ff:ff:ff:ff:ff:ff]
[MOD_UNDIFINE   ][trace  ][10:50:38.746] :ip_sender:    [192.168.1.204]
[MOD_UNDIFINE   ][trace  ][10:50:38.917] :ip_receiver:    [255.255.255.255]
[MOD_UNDIFINE   ][trace  ][10:50:38.093] :padding:     [zenreq,C0A801CC,6C4B9039C4D3]
[MOD_UNDIFINE   ][trace  ][10:50:38.260] :Send Arp struct: >>>>>>>>========
[MOD_UNDIFINE   ][trace  ][10:50:39.642] :Send Arp struct: ========>>>>>>>>
[MOD_UNDIFINE   ][trace  ][10:50:39.906] :mac_target:     [6c:4b:90:39:c4:d3]
[MOD_UNDIFINE   ][trace  ][10:50:39.092] :mac_source:     [00:87:17:11:00:55]
[MOD_UNDIFINE   ][trace  ][10:50:39.271] :ethertype:      [0x806]
[MOD_UNDIFINE   ][trace  ][10:50:39.417] :hw_type:        [0x1]
[MOD_UNDIFINE   ][trace  ][10:50:39.587] :proto_type:     [0x800]
[MOD_UNDIFINE   ][trace  ][10:50:39.750] :mac_addr_len:   [6]
[MOD_UNDIFINE   ][trace  ][10:50:39.893] :ip_addr_len:    [4]
[MOD_UNDIFINE   ][trace  ][10:50:39.069] :operation_code: [0x2]
[MOD_UNDIFINE   ][trace  ][10:50:39.312] :mac_sender:     [00:87:17:11:00:55]
[MOD_UNDIFINE   ][trace  ][10:50:39.460] :mac_receiver:   [6c:4b:90:39:c4:d3]
[MOD_UNDIFINE   ][trace  ][10:50:39.641] :ip_sender:      [192.168.1.2]
[MOD_UNDIFINE   ][trace  ][10:50:39.784] :ip_receiver:    [192.168.1.204]
[MOD_UNDIFINE   ][trace  ][10:50:39.954] :padding:        [zenres,3,c0a80102,ffffff00,c0a80101]
[MOD_UNDIFINE   ][trace  ][10:50:39.118] :Send Arp struct: <<<<<<<<========
[MOD_UNDIFINE   ][trace  ][10:51:06.128] :Send Arp struct: ========>>>>>>>>
[MOD_UNDIFINE   ][trace  ][10:51:06.407] :mac_target:   [ff:ff:ff:ff:ff:ff]
[MOD_UNDIFINE   ][trace  ][10:51:06.568] :mac_source:   [6c:4b:90:39:c4:d3]
[MOD_UNDIFINE   ][trace  ][10:51:06.715] :ethertype:  [0x806]
[MOD_UNDIFINE   ][trace  ][10:51:06.861] :hw_type:    [0x1]
[MOD_UNDIFINE   ][trace  ][10:51:06.005] :proto_type: [0x800]
[MOD_UNDIFINE   ][trace  ][10:51:06.152] :mac_addr_len: [6]
[MOD_UNDIFINE   ][trace  ][10:51:06.295] :ip_addr_len:  [4]
[MOD_UNDIFINE   ][trace  ][10:51:06.441] :operation_code: [0x1]
[MOD_UNDIFINE   ][trace  ][10:51:06.621] :mac_sender:   [6c:4b:90:39:c4:d3]
[MOD_UNDIFINE   ][trace  ][10:51:06.757] :mac_receiver: [ff:ff:ff:ff:ff:ff]
[MOD_UNDIFINE   ][trace  ][10:51:06.891] :ip_sender:    [192.168.1.204]
[MOD_UNDIFINE   ][trace  ][10:51:06.023] :ip_receiver:    [255.255.255.255]
[MOD_UNDIFINE   ][trace  ][10:51:06.158] :padding:     [zenreq,C0A801CC,6C4B9039C4D3]
[MOD_UNDIFINE   ][trace  ][10:51:06.290] :Send Arp struct: >>>>>>>>========
[MOD_UNDIFINE   ][trace  ][10:51:07.921] :Send Arp struct: ========>>>>>>>>
[MOD_UNDIFINE   ][trace  ][10:51:07.238] :mac_target:     [6c:4b:90:39:c4:d3]
[MOD_UNDIFINE   ][trace  ][10:51:07.436] :mac_source:     [00:87:17:11:00:55]
[MOD_UNDIFINE   ][trace  ][10:51:07.626] :ethertype:      [0x806]
[MOD_UNDIFINE   ][trace  ][10:51:07.915] :hw_type:        [0x1]
[MOD_UNDIFINE   ][trace  ][10:51:07.079] :proto_type:     [0x800]
[MOD_UNDIFINE   ][trace  ][10:51:07.253] :mac_addr_len:   [6]
[MOD_UNDIFINE   ][trace  ][10:51:07.479] :ip_addr_len:    [4]
[MOD_UNDIFINE   ][trace  ][10:51:07.664] :operation_code: [0x2]
[MOD_UNDIFINE   ][trace  ][10:51:07.853] :mac_sender:     [00:87:17:11:00:55]
[MOD_UNDIFINE   ][trace  ][10:51:07.114] :mac_receiver:   [6c:4b:90:39:c4:d3]
[MOD_UNDIFINE   ][trace  ][10:51:07.264] :ip_sender:      [192.168.1.2]
[MOD_UNDIFINE   ][trace  ][10:51:07.444] :ip_receiver:    [192.168.1.204]
[MOD_UNDIFINE   ][trace  ][10:51:07.596] :padding:        [zenres,3,c0a80102,ffffff00,c0a80101]
[MOD_UNDIFINE   ][trace  ][10:51:07.830] :Send Arp struct: <<<<<<<<========
[MOD_UNDIFINE   ][trace  ][10:51:56.604] :Send Arp struct: ========>>>>>>>>
[MOD_UNDIFINE   ][trace  ][10:51:56.886] :mac_target:   [ff:ff:ff:ff:ff:ff]
[MOD_UNDIFINE   ][trace  ][10:51:56.078] :mac_source:   [6c:4b:90:39:c4:d3]
[MOD_UNDIFINE   ][trace  ][10:51:56.363] :ethertype:  [0x806]
[MOD_UNDIFINE   ][trace  ][10:51:56.547] :hw_type:    [0x1]
[MOD_UNDIFINE   ][trace  ][10:51:56.710] :proto_type: [0x800]
[MOD_UNDIFINE   ][trace  ][10:51:56.883] :mac_addr_len: [6]
[MOD_UNDIFINE   ][trace  ][10:51:56.164] :ip_addr_len:  [4]
[MOD_UNDIFINE   ][trace  ][10:51:56.314] :operation_code: [0x1]
[MOD_UNDIFINE   ][trace  ][10:51:56.499] :mac_sender:   [6c:4b:90:39:c4:d3]
[MOD_UNDIFINE   ][trace  ][10:51:56.726] :mac_receiver: [ff:ff:ff:ff:ff:ff]
[MOD_UNDIFINE   ][trace  ][10:51:56.917] :ip_sender:    [192.168.1.204]
[MOD_UNDIFINE   ][trace  ][10:51:56.099] :ip_receiver:    [255.255.255.255]
[MOD_UNDIFINE   ][trace  ][10:51:56.280] :padding:     [zenreq,C0A801CC,6C4B9039C4D3]
[MOD_UNDIFINE   ][trace  ][10:51:56.535] :Send Arp struct: >>>>>>>>========
[MOD_UNDIFINE   ][trace  ][10:51:57.989] :Send Arp struct: ========>>>>>>>>
[MOD_UNDIFINE   ][trace  ][10:51:57.333] :mac_target:     [6c:4b:90:39:c4:d3]
[MOD_UNDIFINE   ][trace  ][10:51:57.502] :mac_source:     [00:87:17:11:00:55]
[MOD_UNDIFINE   ][trace  ][10:51:57.677] :ethertype:      [0x806]
[MOD_UNDIFINE   ][trace  ][10:51:57.962] :hw_type:        [0x1]
[MOD_UNDIFINE   ][trace  ][10:51:57.123] :proto_type:     [0x800]
[MOD_UNDIFINE   ][trace  ][10:51:57.297] :mac_addr_len:   [6]
[MOD_UNDIFINE   ][trace  ][10:51:57.482] :ip_addr_len:    [4]
[MOD_UNDIFINE   ][trace  ][10:51:57.746] :operation_code: [0x2]
[MOD_UNDIFINE   ][trace  ][10:51:57.964] :mac_sender:     [00:87:17:11:00:55]
[MOD_UNDIFINE   ][trace  ][10:51:57.126] :mac_receiver:   [6c:4b:90:39:c4:d3]
[MOD_UNDIFINE   ][trace  ][10:51:57.439] :ip_sender:      [192.168.1.2]
[MOD_UNDIFINE   ][trace  ][10:51:57.599] :ip_receiver:    [192.168.1.204]
[MOD_UNDIFINE   ][trace  ][10:51:57.770] :padding:        [zenres,3,c0a80102,ffffff00,c0a80101]
[MOD_UNDIFINE   ][trace  ][10:51:57.991] :Send Arp struct: <<<<<<<<========
[MOD_SYSTEM     ][warning][16:12:36.060] :create App's logdir[log/ip_log] failed,change log to[/root/2018-8-7/server]
[MOD_SYSTEM     ][highest][16:12:36.657] :init success,logdir:/root/2018-8-7/server
[MOD_UNDIFINE   ][trace  ][16:12:36.804] :success to open listen socket.
[MOD_UNDIFINE   ][trace  ][16:12:44.402] :Send Arp struct: ========>>>>>>>>
[MOD_UNDIFINE   ][trace  ][16:12:44.650] :mac_target:   [ff:ff:ff:ff:ff:ff]
[MOD_UNDIFINE   ][trace  ][16:12:44.820] :mac_source:   [00:e0:4c:38:a8:39]
[MOD_UNDIFINE   ][trace  ][16:12:44.960] :ethertype:  [0x806]
[MOD_UNDIFINE   ][trace  ][16:12:44.089] :hw_type:    [0x1]
[MOD_UNDIFINE   ][trace  ][16:12:44.345] :proto_type: [0x800]
[MOD_UNDIFINE   ][trace  ][16:12:44.476] :mac_addr_len: [6]
[MOD_UNDIFINE   ][trace  ][16:12:44.604] :ip_addr_len:  [4]
[MOD_UNDIFINE   ][trace  ][16:12:44.731] :operation_code: [0x1]
[MOD_UNDIFINE   ][trace  ][16:12:44.885] :mac_sender:   [00:e0:4c:38:a8:39]
[MOD_UNDIFINE   ][trace  ][16:12:44.036] :mac_receiver: [ff:ff:ff:ff:ff:ff]
[MOD_UNDIFINE   ][trace  ][16:12:44.165] :ip_sender:    [192.168.17.101]
[MOD_UNDIFINE   ][trace  ][16:12:44.316] :ip_receiver:    [255.255.255.255]
[MOD_UNDIFINE   ][trace  ][16:12:44.444] :padding:     [zenreq,C0A81165,00E04C38A839]
[MOD_UNDIFINE   ][trace  ][16:12:44.595] :Send Arp struct: >>>>>>>>========
[MOD_UNDIFINE   ][trace  ][16:12:44.188] :Send Arp struct: ========>>>>>>>>
[MOD_UNDIFINE   ][trace  ][16:12:44.435] :mac_target:     [00:e0:4c:38:a8:39]
[MOD_UNDIFINE   ][trace  ][16:12:44.588] :mac_source:     [00:87:17:11:00:55]
[MOD_UNDIFINE   ][trace  ][16:12:44.763] :ethertype:      [0x806]
[MOD_UNDIFINE   ][trace  ][16:12:44.908] :hw_type:        [0x1]
[MOD_UNDIFINE   ][trace  ][16:12:44.081] :proto_type:     [0x800]
[MOD_UNDIFINE   ][trace  ][16:12:44.290] :mac_addr_len:   [6]
[MOD_UNDIFINE   ][trace  ][16:12:44.463] :ip_addr_len:    [4]
[MOD_UNDIFINE   ][trace  ][16:12:44.607] :operation_code: [0x2]
[MOD_UNDIFINE   ][trace  ][16:12:44.751] :mac_sender:     [00:87:17:11:00:55]
[MOD_UNDIFINE   ][trace  ][16:12:44.945] :mac_receiver:   [00:e0:4c:38:a8:39]
[MOD_UNDIFINE   ][trace  ][16:12:44.094] :ip_sender:      [192.168.1.2]
[MOD_UNDIFINE   ][trace  ][16:12:44.264] :ip_receiver:    [192.168.17.101]
[MOD_UNDIFINE   ][trace  ][16:12:44.410] :padding:        [zenres,3,c0a80102,ffffff00,c0a80101]
[MOD_UNDIFINE   ][trace  ][16:12:44.587] :Send Arp struct: <<<<<<<<========
[MOD_UNDIFINE   ][trace  ][16:13:20.774] :Send Arp struct: ========>>>>>>>>
[MOD_UNDIFINE   ][trace  ][16:13:20.038] :mac_target:   [ff:ff:ff:ff:ff:ff]
[MOD_UNDIFINE   ][trace  ][16:13:20.179] :mac_source:   [00:e0:4c:38:a8:39]
[MOD_UNDIFINE   ][trace  ][16:13:20.327] :ethertype:  [0x806]
[MOD_UNDIFINE   ][trace  ][16:13:20.437] :hw_type:    [0x1]
[MOD_UNDIFINE   ][trace  ][16:13:20.662] :proto_type: [0x800]
[MOD_UNDIFINE   ][trace  ][16:13:20.789] :mac_addr_len: [6]
[MOD_UNDIFINE   ][trace  ][16:13:20.965] :ip_addr_len:  [4]
[MOD_UNDIFINE   ][trace  ][16:13:20.159] :operation_code: [0x1]
[MOD_UNDIFINE   ][trace  ][16:13:20.374] :mac_sender:   [b0:d5:9d:ce:ba:a1]
[MOD_UNDIFINE   ][trace  ][16:13:20.511] :mac_receiver: [ff:ff:ff:ff:ff:ff]
[MOD_UNDIFINE   ][trace  ][16:13:20.618] :ip_sender:    [172.18.119.1]
[MOD_UNDIFINE   ][trace  ][16:13:20.754] :ip_receiver:    [255.255.255.255]
[MOD_UNDIFINE   ][trace  ][16:13:20.911] :padding:     [zenreq,AC127701,B0D59DCEBAA1]
[MOD_UNDIFINE   ][trace  ][16:13:20.014] :Send Arp struct: >>>>>>>>========
[MOD_UNDIFINE   ][trace  ][16:13:22.400] :Send Arp struct: ========>>>>>>>>
[MOD_UNDIFINE   ][trace  ][16:13:22.524] :mac_target:     [00:e0:4c:38:a8:39]
[MOD_UNDIFINE   ][trace  ][16:13:22.579] :mac_source:     [00:87:17:11:00:55]
[MOD_UNDIFINE   ][trace  ][16:13:22.644] :ethertype:      [0x806]
[MOD_UNDIFINE   ][trace  ][16:13:22.697] :hw_type:        [0x1]
[MOD_UNDIFINE   ][trace  ][16:13:22.750] :proto_type:     [0x800]
[MOD_UNDIFINE   ][trace  ][16:13:22.815] :mac_addr_len:   [6]
[MOD_UNDIFINE   ][trace  ][16:13:22.868] :ip_addr_len:    [4]
[MOD_UNDIFINE   ][trace  ][16:13:22.921] :operation_code: [0x2]
[MOD_UNDIFINE   ][trace  ][16:13:22.974] :mac_sender:     [00:87:17:11:00:55]
[MOD_UNDIFINE   ][trace  ][16:13:22.027] :mac_receiver:   [00:e0:4c:38:a8:39]
[MOD_UNDIFINE   ][trace  ][16:13:22.080] :ip_sender:      [192.168.1.2]
[MOD_UNDIFINE   ][trace  ][16:13:22.132] :ip_receiver:    [172.18.119.1]
[MOD_UNDIFINE   ][trace  ][16:13:22.207] :padding:        [zenres,3,c0a80102,ffffff00,c0a80101]
[MOD_UNDIFINE   ][trace  ][16:13:22.294] :Send Arp struct: <<<<<<<<========
