[MOD_SYSTEM     ][warning][11:34:31.638] :create App's logdir[log/ip_log] failed,change log to[/root/2018-8-1/server]
[MOD_SYSTEM     ][info   ][11:34:31.305] :SizeCheck in [/root/2018-8-1/server],Size[17K/1000K]
[MOD_SYSTEM     ][highest][11:34:31.429] :init success,logdir:/root/2018-8-1/server
[MOD_UNDIFINE   ][trace  ][11:34:31.535] :success to open listen socket.
[MOD_UNDIFINE   ][trace  ][11:34:34.686] :Send Arp struct: ========>>>>>>>>
[MOD_UNDIFINE   ][trace  ][11:34:34.921] :mac_target:   [ff:ff:ff:ff:ff:ff]
[MOD_UNDIFINE   ][trace  ][11:34:34.011] :mac_source:   [00:e0:4c:38:a8:39]
[MOD_UNDIFINE   ][trace  ][11:34:34.088] :ethertype:  [0x806]
[MOD_UNDIFINE   ][trace  ][11:34:34.157] :hw_type:    [0x1]
[MOD_UNDIFINE   ][trace  ][11:34:34.240] :proto_type: [0x800]
[MOD_UNDIFINE   ][trace  ][11:34:34.308] :mac_addr_len: [6]
[MOD_UNDIFINE   ][trace  ][11:34:34.375] :ip_addr_len:  [4]
[MOD_UNDIFINE   ][trace  ][11:34:34.444] :operation_code: [0x1]
[MOD_UNDIFINE   ][trace  ][11:34:34.512] :mac_sender:   [00:e0:4c:38:a8:39]
[MOD_UNDIFINE   ][trace  ][11:34:34.600] :mac_receiver: [ff:ff:ff:ff:ff:ff]
[MOD_UNDIFINE   ][trace  ][11:34:34.669] :ip_sender:    [192.168.17.101]
[MOD_UNDIFINE   ][trace  ][11:34:34.736] :ip_receiver:    [255.255.255.255]
[MOD_UNDIFINE   ][trace  ][11:34:34.804] :padding:     [zenreq,C0A81165,00E04C38A839]
[MOD_UNDIFINE   ][trace  ][11:34:34.871] :Send Arp struct: >>>>>>>>========
[MOD_UNDIFINE   ][trace  ][11:34:35.313] :Send Arp struct: ========>>>>>>>>
[MOD_UNDIFINE   ][trace  ][11:34:35.492] :mac_target:     [00:e0:4c:38:a8:39]
[MOD_UNDIFINE   ][trace  ][11:34:35.593] :mac_source:     [00:87:17:11:00:55]
[MOD_UNDIFINE   ][trace  ][11:34:35.690] :ethertype:      [0x806]
[MOD_UNDIFINE   ][trace  ][11:34:35.817] :hw_type:        [0x1]
[MOD_UNDIFINE   ][trace  ][11:34:35.915] :proto_type:     [0x800]
[MOD_UNDIFINE   ][trace  ][11:34:35.234] :mac_addr_len:   [6]
[MOD_UNDIFINE   ][trace  ][11:34:35.336] :ip_addr_len:    [4]
[MOD_UNDIFINE   ][trace  ][11:34:35.431] :operation_code: [0x2]
[MOD_UNDIFINE   ][trace  ][11:34:35.549] :mac_sender:     [00:87:17:11:00:55]
[MOD_UNDIFINE   ][trace  ][11:34:35.648] :mac_receiver:   [00:e0:4c:38:a8:39]
[MOD_UNDIFINE   ][trace  ][11:34:35.744] :ip_sender:      [192.168.1.2]
[MOD_UNDIFINE   ][trace  ][11:34:35.839] :ip_receiver:    [192.168.17.101]
[MOD_UNDIFINE   ][trace  ][11:34:35.960] :padding:        [zenres,3,c0a80102,ffffff00,c0a80101]
[MOD_UNDIFINE   ][trace  ][11:34:35.056] :Send Arp struct: <<<<<<<<========
[MOD_UNDIFINE   ][trace  ][11:39:02.174] :Send Arp struct: ========>>>>>>>>
[MOD_UNDIFINE   ][trace  ][11:39:02.360] :mac_target:   [ff:ff:ff:ff:ff:ff]
[MOD_UNDIFINE   ][trace  ][11:39:02.427] :mac_source:   [00:e0:4c:38:a8:39]
[MOD_UNDIFINE   ][trace  ][11:39:02.528] :ethertype:  [0x806]
[MOD_UNDIFINE   ][trace  ][11:39:02.630] :hw_type:    [0x1]
[MOD_UNDIFINE   ][trace  ][11:39:02.694] :proto_type: [0x800]
[MOD_UNDIFINE   ][trace  ][11:39:02.757] :mac_addr_len: [6]
[MOD_UNDIFINE   ][trace  ][11:39:02.841] :ip_addr_len:  [4]
[MOD_UNDIFINE   ][trace  ][11:39:02.902] :operation_code: [0x1]
[MOD_UNDIFINE   ][trace  ][11:39:02.970] :mac_sender:   [00:e0:4c:38:a8:39]
[MOD_UNDIFINE   ][trace  ][11:39:02.069] :mac_receiver: [ff:ff:ff:ff:ff:ff]
[MOD_UNDIFINE   ][trace  ][11:39:02.133] :ip_sender:    [192.168.17.101]
[MOD_UNDIFINE   ][trace  ][11:39:02.208] :ip_receiver:    [255.255.255.255]
[MOD_UNDIFINE   ][trace  ][11:39:02.308] :padding:     [zenreq,C0A81165,00E04C38A839]
[MOD_UNDIFINE   ][trace  ][11:39:02.370] :Send Arp struct: >>>>>>>>========
[MOD_UNDIFINE   ][trace  ][11:39:03.631] :Send Arp struct: ========>>>>>>>>
[MOD_UNDIFINE   ][trace  ][11:39:03.800] :mac_target:     [00:e0:4c:38:a8:39]
[MOD_UNDIFINE   ][trace  ][11:39:03.906] :mac_source:     [00:87:17:11:00:55]
[MOD_UNDIFINE   ][trace  ][11:39:03.004] :ethertype:      [0x806]
[MOD_UNDIFINE   ][trace  ][11:39:03.059] :hw_type:        [0x1]
[MOD_UNDIFINE   ][trace  ][11:39:03.197] :proto_type:     [0x800]
[MOD_UNDIFINE   ][trace  ][11:39:03.296] :mac_addr_len:   [6]
[MOD_UNDIFINE   ][trace  ][11:39:03.391] :ip_addr_len:    [4]
[MOD_UNDIFINE   ][trace  ][11:39:03.638] :operation_code: [0x2]
[MOD_UNDIFINE   ][trace  ][11:39:03.705] :mac_sender:     [00:87:17:11:00:55]
[MOD_UNDIFINE   ][trace  ][11:39:03.755] :mac_receiver:   [00:e0:4c:38:a8:39]
[MOD_UNDIFINE   ][trace  ][11:39:03.806] :ip_sender:      [192.168.1.2]
[MOD_UNDIFINE   ][trace  ][11:39:03.855] :ip_receiver:    [192.168.17.101]
[MOD_UNDIFINE   ][trace  ][11:39:03.904] :padding:        [zenres,3,c0a80102,ffffff00,c0a80101]
[MOD_UNDIFINE   ][trace  ][11:39:03.953] :Send Arp struct: <<<<<<<<========
[MOD_UNDIFINE   ][trace  ][15:54:59.532] :Send Arp struct: ========>>>>>>>>
[MOD_UNDIFINE   ][trace  ][15:54:59.097] :mac_target:   [ff:ff:ff:ff:ff:ff]
[MOD_UNDIFINE   ][trace  ][15:54:59.330] :mac_source:   [00:e0:4c:38:a8:39]
[MOD_UNDIFINE   ][trace  ][15:54:59.482] :ethertype:  [0x806]
[MOD_UNDIFINE   ][trace  ][15:54:59.658] :hw_type:    [0x1]
[MOD_UNDIFINE   ][trace  ][15:54:59.807] :proto_type: [0x800]
[MOD_UNDIFINE   ][trace  ][15:54:59.136] :mac_addr_len: [6]
[MOD_UNDIFINE   ][trace  ][15:54:59.358] :ip_addr_len:  [4]
[MOD_UNDIFINE   ][trace  ][15:54:59.504] :operation_code: [0x1]
[MOD_UNDIFINE   ][trace  ][15:54:59.651] :mac_sender:   [b2:95:9d:ce:ba:a1]
[MOD_UNDIFINE   ][trace  ][15:54:59.801] :mac_receiver: [ff:ff:ff:ff:ff:ff]
[MOD_UNDIFINE   ][trace  ][15:54:59.949] :ip_sender:    [192.168.17.101]
[MOD_UNDIFINE   ][trace  ][15:54:59.098] :ip_receiver:    [255.255.255.255]
[MOD_UNDIFINE   ][trace  ][15:54:59.245] :padding:     [zenreq,C0A81165,B2959DCEBAA1]
[MOD_UNDIFINE   ][trace  ][15:54:59.389] :Send Arp struct: >>>>>>>>========
[MOD_UNDIFINE   ][trace  ][15:55:00.597] :Send Arp struct: ========>>>>>>>>
[MOD_UNDIFINE   ][trace  ][15:55:00.053] :mac_target:     [00:e0:4c:38:a8:39]
[MOD_UNDIFINE   ][trace  ][15:55:00.826] :mac_source:     [00:87:17:11:00:55]
[MOD_UNDIFINE   ][trace  ][15:55:00.178] :ethertype:      [0x806]
[MOD_UNDIFINE   ][trace  ][15:55:00.480] :hw_type:        [0x1]
[MOD_UNDIFINE   ][trace  ][15:55:00.633] :proto_type:     [0x800]
[MOD_UNDIFINE   ][trace  ][15:55:00.840] :mac_addr_len:   [6]
[MOD_UNDIFINE   ][trace  ][15:55:00.990] :ip_addr_len:    [4]
[MOD_UNDIFINE   ][trace  ][15:55:00.133] :operation_code: [0x2]
[MOD_UNDIFINE   ][trace  ][15:55:00.277] :mac_sender:     [00:87:17:11:00:55]
[MOD_UNDIFINE   ][trace  ][15:55:00.455] :mac_receiver:   [00:e0:4c:38:a8:39]
[MOD_UNDIFINE   ][trace  ][15:55:00.603] :ip_sender:      [192.168.1.2]
[MOD_UNDIFINE   ][trace  ][15:55:00.788] :ip_receiver:    [192.168.17.101]
[MOD_UNDIFINE   ][trace  ][15:55:00.889] :padding:        [zenres,3,c0a80102,ffffff00,c0a80101]
[MOD_UNDIFINE   ][trace  ][15:55:00.942] :Send Arp struct: <<<<<<<<========
[MOD_UNDIFINE   ][trace  ][17:22:04.241] :Send Arp struct: ========>>>>>>>>
[MOD_UNDIFINE   ][trace  ][17:22:04.515] :mac_target:   [ff:ff:ff:ff:ff:ff]
[MOD_UNDIFINE   ][trace  ][17:22:04.671] :mac_source:   [00:e0:4c:38:a8:39]
[MOD_UNDIFINE   ][trace  ][17:22:04.820] :ethertype:  [0x806]
[MOD_UNDIFINE   ][trace  ][17:22:04.043] :hw_type:    [0x1]
[MOD_UNDIFINE   ][trace  ][17:22:04.230] :proto_type: [0x800]
[MOD_UNDIFINE   ][trace  ][17:22:04.480] :mac_addr_len: [6]
[MOD_UNDIFINE   ][trace  ][17:22:04.644] :ip_addr_len:  [4]
[MOD_UNDIFINE   ][trace  ][17:22:04.873] :operation_code: [0x1]
[MOD_UNDIFINE   ][trace  ][17:22:04.097] :mac_sender:   [b2:95:9d:ce:ba:a1]
[MOD_UNDIFINE   ][trace  ][17:22:04.319] :mac_receiver: [ff:ff:ff:ff:ff:ff]
[MOD_UNDIFINE   ][trace  ][17:22:04.467] :ip_sender:    [172.18.119.1]
[MOD_UNDIFINE   ][trace  ][17:22:04.762] :ip_receiver:    [255.255.255.255]
[MOD_UNDIFINE   ][trace  ][17:22:04.929] :padding:     [zenreq,AC127701,B2959DCEBAA1]
[MOD_UNDIFINE   ][trace  ][17:22:04.075] :Send Arp struct: >>>>>>>>========
[MOD_UNDIFINE   ][trace  ][17:22:05.837] :Send Arp struct: ========>>>>>>>>
[MOD_UNDIFINE   ][trace  ][17:22:05.083] :mac_target:     [00:e0:4c:38:a8:39]
[MOD_UNDIFINE   ][trace  ][17:22:05.237] :mac_source:     [00:87:17:11:00:55]
[MOD_UNDIFINE   ][trace  ][17:22:05.384] :ethertype:      [0x806]
[MOD_UNDIFINE   ][trace  ][17:22:05.527] :hw_type:        [0x1]
[MOD_UNDIFINE   ][trace  ][17:22:05.703] :proto_type:     [0x800]
[MOD_UNDIFINE   ][trace  ][17:22:05.851] :mac_addr_len:   [6]
[MOD_UNDIFINE   ][trace  ][17:22:05.993] :ip_addr_len:    [4]
[MOD_UNDIFINE   ][trace  ][17:22:05.135] :operation_code: [0x2]
[MOD_UNDIFINE   ][trace  ][17:22:05.347] :mac_sender:     [00:87:17:11:00:55]
[MOD_UNDIFINE   ][trace  ][17:22:05.493] :mac_receiver:   [00:e0:4c:38:a8:39]
[MOD_UNDIFINE   ][trace  ][17:22:05.638] :ip_sender:      [192.168.1.2]
[MOD_UNDIFINE   ][trace  ][17:22:05.780] :ip_receiver:    [172.18.119.1]
[MOD_UNDIFINE   ][trace  ][17:22:05.922] :padding:        [zenres,3,c0a80102,ffffff00,c0a80101]
[MOD_UNDIFINE   ][trace  ][17:22:05.066] :Send Arp struct: <<<<<<<<========
[MOD_UNDIFINE   ][trace  ][17:22:53.801] :Send Arp struct: ========>>>>>>>>
[MOD_UNDIFINE   ][trace  ][17:22:53.088] :mac_target:   [ff:ff:ff:ff:ff:ff]
[MOD_UNDIFINE   ][trace  ][17:22:53.311] :mac_source:   [00:e0:4c:38:a8:39]
[MOD_UNDIFINE   ][trace  ][17:22:53.478] :ethertype:  [0x806]
[MOD_UNDIFINE   ][trace  ][17:22:53.624] :hw_type:    [0x1]
[MOD_UNDIFINE   ][trace  ][17:22:53.804] :proto_type: [0x800]
[MOD_UNDIFINE   ][trace  ][17:22:53.973] :mac_addr_len: [6]
[MOD_UNDIFINE   ][trace  ][17:22:53.121] :ip_addr_len:  [4]
[MOD_UNDIFINE   ][trace  ][17:22:53.293] :operation_code: [0x1]
[MOD_UNDIFINE   ][trace  ][17:22:53.439] :mac_sender:   [00:e0:4c:38:a8:39]
[MOD_UNDIFINE   ][trace  ][17:22:53.613] :mac_receiver: [ff:ff:ff:ff:ff:ff]
[MOD_UNDIFINE   ][trace  ][17:22:53.759] :ip_sender:    [192.168.17.101]
[MOD_UNDIFINE   ][trace  ][17:22:53.903] :ip_receiver:    [255.255.255.255]
[MOD_UNDIFINE   ][trace  ][17:22:53.105] :padding:     [zenreq,C0A81165,00E04C38A839]
[MOD_UNDIFINE   ][trace  ][17:22:53.251] :Send Arp struct: >>>>>>>>========
[MOD_UNDIFINE   ][trace  ][17:22:53.858] :Send Arp struct: ========>>>>>>>>
[MOD_UNDIFINE   ][trace  ][17:22:53.001] :mac_target:     [00:e0:4c:38:a8:39]
[MOD_UNDIFINE   ][trace  ][17:22:53.070] :mac_source:     [00:87:17:11:00:55]
[MOD_UNDIFINE   ][trace  ][17:22:53.153] :ethertype:      [0x806]
[MOD_UNDIFINE   ][trace  ][17:22:53.220] :hw_type:        [0x1]
[MOD_UNDIFINE   ][trace  ][17:22:53.306] :proto_type:     [0x800]
[MOD_UNDIFINE   ][trace  ][17:22:53.389] :mac_addr_len:   [6]
[MOD_UNDIFINE   ][trace  ][17:22:53.454] :ip_addr_len:    [4]
[MOD_UNDIFINE   ][trace  ][17:22:53.517] :operation_code: [0x2]
[MOD_UNDIFINE   ][trace  ][17:22:53.589] :mac_sender:     [00:87:17:11:00:55]
[MOD_UNDIFINE   ][trace  ][17:22:53.672] :mac_receiver:   [00:e0:4c:38:a8:39]
[MOD_UNDIFINE   ][trace  ][17:22:53.736] :ip_sender:      [192.168.1.2]
[MOD_UNDIFINE   ][trace  ][17:22:53.797] :ip_receiver:    [192.168.17.101]
[MOD_UNDIFINE   ][trace  ][17:22:53.861] :padding:        [zenres,3,c0a80102,ffffff00,c0a80101]
[MOD_UNDIFINE   ][trace  ][17:22:53.925] :Send Arp struct: <<<<<<<<========
