[MOD_SYSTEM     ][warning][16:16:39.236] :create App's logdir[log/ip_log] failed,change log to[/media/211/root/2018-7-26/fvd/branches/fvd-nanjing/server]
[MOD_SYSTEM     ][info   ][16:16:39.944] :SizeCheck in [/media/211/root/2018-7-26/fvd/branches/fvd-nanjing/server],Size[14K/1000K]
[MOD_SYSTEM     ][highest][16:16:39.873] :init success,logdir:/media/211/root/2018-7-26/fvd/branches/fvd-nanjing/server
[MOD_UNDIFINE   ][trace  ][16:16:39.915] :success to open listen socket.
[MOD_UNDIFINE   ][trace  ][16:17:17.824] :Send Arp struct: ========>>>>>>>>
[MOD_UNDIFINE   ][trace  ][16:17:17.353] :mac_target:   [ff:ff:ff:ff:ff:ff]
[MOD_UNDIFINE   ][trace  ][16:17:17.655] :mac_source:   [00:e0:4c:38:a8:39]
[MOD_UNDIFINE   ][trace  ][16:17:17.770] :ethertype:  [0x806]
[MOD_UNDIFINE   ][trace  ][16:17:17.864] :hw_type:    [0x1]
[MOD_UNDIFINE   ][trace  ][16:17:17.737] :proto_type: [0x800]
[MOD_UNDIFINE   ][trace  ][16:17:17.815] :mac_addr_len: [6]
[MOD_UNDIFINE   ][trace  ][16:17:17.288] :ip_addr_len:  [4]
[MOD_UNDIFINE   ][trace  ][16:17:17.495] :operation_code: [0x1]
[MOD_UNDIFINE   ][trace  ][16:17:17.787] :mac_sender:   [b2:95:9d:ce:ba:a1]
[MOD_UNDIFINE   ][trace  ][16:17:17.075] :mac_receiver: [ff:ff:ff:ff:ff:ff]
[MOD_UNDIFINE   ][trace  ][16:17:17.835] :ip_sender:    [172.18.119.1]
[MOD_UNDIFINE   ][trace  ][16:17:17.371] :ip_receiver:    [255.255.255.255]
[MOD_UNDIFINE   ][trace  ][16:17:17.175] :padding:     [zenreq,AC127701,B2959DCEBAA1]
[MOD_UNDIFINE   ][trace  ][16:17:17.819] :Send Arp struct: >>>>>>>>========
[MOD_UNDIFINE   ][trace  ][16:17:17.797] :Send Arp struct: ========>>>>>>>>
[MOD_UNDIFINE   ][trace  ][16:17:17.959] :mac_target:     [00:e0:4c:38:a8:39]
[MOD_UNDIFINE   ][trace  ][16:17:17.505] :mac_source:     [00:87:17:11:00:55]
[MOD_UNDIFINE   ][trace  ][16:17:17.597] :ethertype:      [0x806]
[MOD_UNDIFINE   ][trace  ][16:17:17.650] :hw_type:        [0x1]
[MOD_UNDIFINE   ][trace  ][16:17:17.888] :proto_type:     [0x800]
[MOD_UNDIFINE   ][trace  ][16:17:17.790] :mac_addr_len:   [6]
[MOD_UNDIFINE   ][trace  ][16:17:17.902] :ip_addr_len:    [4]
[MOD_UNDIFINE   ][trace  ][16:17:17.917] :operation_code: [0x2]
[MOD_UNDIFINE   ][trace  ][16:17:17.121] :mac_sender:     [00:87:17:11:00:55]
[MOD_UNDIFINE   ][trace  ][16:17:17.440] :mac_receiver:   [00:e0:4c:38:a8:39]
[MOD_UNDIFINE   ][trace  ][16:17:17.956] :ip_sender:      [192.168.1.2]
[MOD_UNDIFINE   ][trace  ][16:17:17.283] :ip_receiver:    [172.18.119.1]
[MOD_UNDIFINE   ][trace  ][16:17:17.483] :padding:        [zenres,3,c0a80102,ffffff00,c0a80101]
[MOD_UNDIFINE   ][trace  ][16:17:18.130] :Send Arp struct: <<<<<<<<========
