Determining if the pthread_create exist failed with the following output:
Change Dir: /data/github_repo/darknet/yolov3_output_decoder_tiny/CMakeFiles/CMakeTmp

Run Build Command:"/usr/bin/make" "cmTC_21ae6/fast"
make[1]: Entering directory '/data/github_repo/darknet/yolov3_output_decoder_tiny/CMakeFiles/CMakeTmp'
/usr/bin/make -f CMakeFiles/cmTC_21ae6.dir/build.make CMakeFiles/cmTC_21ae6.dir/build
make[2]: Entering directory '/data/github_repo/darknet/yolov3_output_decoder_tiny/CMakeFiles/CMakeTmp'
Building C object CMakeFiles/cmTC_21ae6.dir/CheckSymbolExists.c.o
/usr/bin/cc    -fPIC    -o CMakeFiles/cmTC_21ae6.dir/CheckSymbolExists.c.o   -c /data/github_repo/darknet/yolov3_output_decoder_tiny/CMakeFiles/CMakeTmp/CheckSymbolExists.c
Linking C executable cmTC_21ae6
/usr/bin/cmake -E cmake_link_script CMakeFiles/cmTC_21ae6.dir/link.txt --verbose=1
/usr/bin/cc  -fPIC     CMakeFiles/cmTC_21ae6.dir/CheckSymbolExists.c.o  -o cmTC_21ae6 -rdynamic 
CMakeFiles/cmTC_21ae6.dir/CheckSymbolExists.c.o：在函数‘main’中：
CheckSymbolExists.c:(.text+0x1b)：对‘pthread_create’未定义的引用
collect2: error: ld returned 1 exit status
CMakeFiles/cmTC_21ae6.dir/build.make:97: recipe for target 'cmTC_21ae6' failed
make[2]: *** [cmTC_21ae6] Error 1
make[2]: Leaving directory '/data/github_repo/darknet/yolov3_output_decoder_tiny/CMakeFiles/CMakeTmp'
Makefile:126: recipe for target 'cmTC_21ae6/fast' failed
make[1]: *** [cmTC_21ae6/fast] Error 2
make[1]: Leaving directory '/data/github_repo/darknet/yolov3_output_decoder_tiny/CMakeFiles/CMakeTmp'

File /data/github_repo/darknet/yolov3_output_decoder_tiny/CMakeFiles/CMakeTmp/CheckSymbolExists.c:
/* */
#include <pthread.h>

int main(int argc, char** argv)
{
  (void)argv;
#ifndef pthread_create
  return ((int*)(&pthread_create))[argc];
#else
  (void)argc;
  return 0;
#endif
}

Determining if the function pthread_create exists in the pthreads failed with the following output:
Change Dir: /data/github_repo/darknet/yolov3_output_decoder_tiny/CMakeFiles/CMakeTmp

Run Build Command:"/usr/bin/make" "cmTC_3c415/fast"
make[1]: Entering directory '/data/github_repo/darknet/yolov3_output_decoder_tiny/CMakeFiles/CMakeTmp'
/usr/bin/make -f CMakeFiles/cmTC_3c415.dir/build.make CMakeFiles/cmTC_3c415.dir/build
make[2]: Entering directory '/data/github_repo/darknet/yolov3_output_decoder_tiny/CMakeFiles/CMakeTmp'
Building C object CMakeFiles/cmTC_3c415.dir/CheckFunctionExists.c.o
/usr/bin/cc    -fPIC -DCHECK_FUNCTION_EXISTS=pthread_create   -o CMakeFiles/cmTC_3c415.dir/CheckFunctionExists.c.o   -c /usr/share/cmake-3.5/Modules/CheckFunctionExists.c
Linking C executable cmTC_3c415
/usr/bin/cmake -E cmake_link_script CMakeFiles/cmTC_3c415.dir/link.txt --verbose=1
/usr/bin/cc  -fPIC -DCHECK_FUNCTION_EXISTS=pthread_create    CMakeFiles/cmTC_3c415.dir/CheckFunctionExists.c.o  -o cmTC_3c415 -rdynamic -lpthreads 
/usr/bin/ld: 找不到 -lpthreads
collect2: error: ld returned 1 exit status
CMakeFiles/cmTC_3c415.dir/build.make:97: recipe for target 'cmTC_3c415' failed
make[2]: *** [cmTC_3c415] Error 1
make[2]: Leaving directory '/data/github_repo/darknet/yolov3_output_decoder_tiny/CMakeFiles/CMakeTmp'
Makefile:126: recipe for target 'cmTC_3c415/fast' failed
make[1]: *** [cmTC_3c415/fast] Error 2
make[1]: Leaving directory '/data/github_repo/darknet/yolov3_output_decoder_tiny/CMakeFiles/CMakeTmp'


Determining if the pthread_create exist failed with the following output:
Change Dir: /data/github_repo/darknet/yolov3_output_decoder_tiny/CMakeFiles/CMakeTmp

Run Build Command:"/usr/bin/make" "cmTC_9ce69/fast"
make[1]: Entering directory '/data/github_repo/darknet/yolov3_output_decoder_tiny/CMakeFiles/CMakeTmp'
/usr/bin/make -f CMakeFiles/cmTC_9ce69.dir/build.make CMakeFiles/cmTC_9ce69.dir/build
make[2]: Entering directory '/data/github_repo/darknet/yolov3_output_decoder_tiny/CMakeFiles/CMakeTmp'
Building C object CMakeFiles/cmTC_9ce69.dir/CheckSymbolExists.c.o
/usr/bin/cc    -fPIC    -o CMakeFiles/cmTC_9ce69.dir/CheckSymbolExists.c.o   -c /data/github_repo/darknet/yolov3_output_decoder_tiny/CMakeFiles/CMakeTmp/CheckSymbolExists.c
Linking C executable cmTC_9ce69
/usr/bin/cmake -E cmake_link_script CMakeFiles/cmTC_9ce69.dir/link.txt --verbose=1
/usr/bin/cc  -fPIC     CMakeFiles/cmTC_9ce69.dir/CheckSymbolExists.c.o  -o cmTC_9ce69 -rdynamic 
CMakeFiles/cmTC_9ce69.dir/CheckSymbolExists.c.o：在函数‘main’中：
CheckSymbolExists.c:(.text+0x1b)：对‘pthread_create’未定义的引用
collect2: error: ld returned 1 exit status
CMakeFiles/cmTC_9ce69.dir/build.make:97: recipe for target 'cmTC_9ce69' failed
make[2]: *** [cmTC_9ce69] Error 1
make[2]: Leaving directory '/data/github_repo/darknet/yolov3_output_decoder_tiny/CMakeFiles/CMakeTmp'
Makefile:126: recipe for target 'cmTC_9ce69/fast' failed
make[1]: *** [cmTC_9ce69/fast] Error 2
make[1]: Leaving directory '/data/github_repo/darknet/yolov3_output_decoder_tiny/CMakeFiles/CMakeTmp'

File /data/github_repo/darknet/yolov3_output_decoder_tiny/CMakeFiles/CMakeTmp/CheckSymbolExists.c:
/* */
#include <pthread.h>

int main(int argc, char** argv)
{
  (void)argv;
#ifndef pthread_create
  return ((int*)(&pthread_create))[argc];
#else
  (void)argc;
  return 0;
#endif
}

Determining if the function pthread_create exists in the pthreads failed with the following output:
Change Dir: /data/github_repo/darknet/yolov3_output_decoder_tiny/CMakeFiles/CMakeTmp

Run Build Command:"/usr/bin/make" "cmTC_948b7/fast"
make[1]: Entering directory '/data/github_repo/darknet/yolov3_output_decoder_tiny/CMakeFiles/CMakeTmp'
/usr/bin/make -f CMakeFiles/cmTC_948b7.dir/build.make CMakeFiles/cmTC_948b7.dir/build
make[2]: Entering directory '/data/github_repo/darknet/yolov3_output_decoder_tiny/CMakeFiles/CMakeTmp'
Building C object CMakeFiles/cmTC_948b7.dir/CheckFunctionExists.c.o
/usr/bin/cc    -fPIC -DCHECK_FUNCTION_EXISTS=pthread_create   -o CMakeFiles/cmTC_948b7.dir/CheckFunctionExists.c.o   -c /usr/share/cmake-3.5/Modules/CheckFunctionExists.c
Linking C executable cmTC_948b7
/usr/bin/cmake -E cmake_link_script CMakeFiles/cmTC_948b7.dir/link.txt --verbose=1
/usr/bin/cc  -fPIC -DCHECK_FUNCTION_EXISTS=pthread_create    CMakeFiles/cmTC_948b7.dir/CheckFunctionExists.c.o  -o cmTC_948b7 -rdynamic -lpthreads 
/usr/bin/ld: 找不到 -lpthreads
collect2: error: ld returned 1 exit status
CMakeFiles/cmTC_948b7.dir/build.make:97: recipe for target 'cmTC_948b7' failed
make[2]: *** [cmTC_948b7] Error 1
make[2]: Leaving directory '/data/github_repo/darknet/yolov3_output_decoder_tiny/CMakeFiles/CMakeTmp'
Makefile:126: recipe for target 'cmTC_948b7/fast' failed
make[1]: *** [cmTC_948b7/fast] Error 2
make[1]: Leaving directory '/data/github_repo/darknet/yolov3_output_decoder_tiny/CMakeFiles/CMakeTmp'


Determining if the pthread_create exist failed with the following output:
Change Dir: /data/github_repo/darknet/yolov3_output_decoder_tiny/CMakeFiles/CMakeTmp

Run Build Command:"/usr/bin/make" "cmTC_e71ef/fast"
make[1]: Entering directory '/data/github_repo/darknet/yolov3_output_decoder_tiny/CMakeFiles/CMakeTmp'
/usr/bin/make -f CMakeFiles/cmTC_e71ef.dir/build.make CMakeFiles/cmTC_e71ef.dir/build
make[2]: Entering directory '/data/github_repo/darknet/yolov3_output_decoder_tiny/CMakeFiles/CMakeTmp'
Building C object CMakeFiles/cmTC_e71ef.dir/CheckSymbolExists.c.o
/usr/bin/cc    -fPIC    -o CMakeFiles/cmTC_e71ef.dir/CheckSymbolExists.c.o   -c /data/github_repo/darknet/yolov3_output_decoder_tiny/CMakeFiles/CMakeTmp/CheckSymbolExists.c
Linking C executable cmTC_e71ef
/usr/bin/cmake -E cmake_link_script CMakeFiles/cmTC_e71ef.dir/link.txt --verbose=1
/usr/bin/cc  -fPIC     CMakeFiles/cmTC_e71ef.dir/CheckSymbolExists.c.o  -o cmTC_e71ef -rdynamic 
CMakeFiles/cmTC_e71ef.dir/CheckSymbolExists.c.o：在函数‘main’中：
CheckSymbolExists.c:(.text+0x1b)：对‘pthread_create’未定义的引用
collect2: error: ld returned 1 exit status
CMakeFiles/cmTC_e71ef.dir/build.make:97: recipe for target 'cmTC_e71ef' failed
make[2]: *** [cmTC_e71ef] Error 1
make[2]: Leaving directory '/data/github_repo/darknet/yolov3_output_decoder_tiny/CMakeFiles/CMakeTmp'
Makefile:126: recipe for target 'cmTC_e71ef/fast' failed
make[1]: *** [cmTC_e71ef/fast] Error 2
make[1]: Leaving directory '/data/github_repo/darknet/yolov3_output_decoder_tiny/CMakeFiles/CMakeTmp'

File /data/github_repo/darknet/yolov3_output_decoder_tiny/CMakeFiles/CMakeTmp/CheckSymbolExists.c:
/* */
#include <pthread.h>

int main(int argc, char** argv)
{
  (void)argv;
#ifndef pthread_create
  return ((int*)(&pthread_create))[argc];
#else
  (void)argc;
  return 0;
#endif
}

Determining if the function pthread_create exists in the pthreads failed with the following output:
Change Dir: /data/github_repo/darknet/yolov3_output_decoder_tiny/CMakeFiles/CMakeTmp

Run Build Command:"/usr/bin/make" "cmTC_d2904/fast"
make[1]: Entering directory '/data/github_repo/darknet/yolov3_output_decoder_tiny/CMakeFiles/CMakeTmp'
/usr/bin/make -f CMakeFiles/cmTC_d2904.dir/build.make CMakeFiles/cmTC_d2904.dir/build
make[2]: Entering directory '/data/github_repo/darknet/yolov3_output_decoder_tiny/CMakeFiles/CMakeTmp'
Building C object CMakeFiles/cmTC_d2904.dir/CheckFunctionExists.c.o
/usr/bin/cc    -fPIC -DCHECK_FUNCTION_EXISTS=pthread_create   -o CMakeFiles/cmTC_d2904.dir/CheckFunctionExists.c.o   -c /usr/share/cmake-3.5/Modules/CheckFunctionExists.c
Linking C executable cmTC_d2904
/usr/bin/cmake -E cmake_link_script CMakeFiles/cmTC_d2904.dir/link.txt --verbose=1
/usr/bin/cc  -fPIC -DCHECK_FUNCTION_EXISTS=pthread_create    CMakeFiles/cmTC_d2904.dir/CheckFunctionExists.c.o  -o cmTC_d2904 -rdynamic -lpthreads 
/usr/bin/ld: 找不到 -lpthreads
collect2: error: ld returned 1 exit status
CMakeFiles/cmTC_d2904.dir/build.make:97: recipe for target 'cmTC_d2904' failed
make[2]: *** [cmTC_d2904] Error 1
make[2]: Leaving directory '/data/github_repo/darknet/yolov3_output_decoder_tiny/CMakeFiles/CMakeTmp'
Makefile:126: recipe for target 'cmTC_d2904/fast' failed
make[1]: *** [cmTC_d2904/fast] Error 2
make[1]: Leaving directory '/data/github_repo/darknet/yolov3_output_decoder_tiny/CMakeFiles/CMakeTmp'


Determining if the pthread_create exist failed with the following output:
Change Dir: /data/github-repos/darknet/yolov3_output_decoder_tiny/CMakeFiles/CMakeTmp

Run Build Command:"/usr/bin/make" "cmTC_77cb8/fast"
/usr/bin/make -f CMakeFiles/cmTC_77cb8.dir/build.make CMakeFiles/cmTC_77cb8.dir/build
make[1]: Entering directory '/data/github-repos/darknet/yolov3_output_decoder_tiny/CMakeFiles/CMakeTmp'
Building C object CMakeFiles/cmTC_77cb8.dir/CheckSymbolExists.c.o
/usr/bin/cc    -fPIC    -o CMakeFiles/cmTC_77cb8.dir/CheckSymbolExists.c.o   -c /data/github-repos/darknet/yolov3_output_decoder_tiny/CMakeFiles/CMakeTmp/CheckSymbolExists.c
Linking C executable cmTC_77cb8
/usr/bin/cmake -E cmake_link_script CMakeFiles/cmTC_77cb8.dir/link.txt --verbose=1
/usr/bin/cc  -fPIC     CMakeFiles/cmTC_77cb8.dir/CheckSymbolExists.c.o  -o cmTC_77cb8 -rdynamic 
CMakeFiles/cmTC_77cb8.dir/CheckSymbolExists.c.o: In function `main':
CheckSymbolExists.c:(.text+0x1b): undefined reference to `pthread_create'
collect2: error: ld returned 1 exit status
CMakeFiles/cmTC_77cb8.dir/build.make:97: recipe for target 'cmTC_77cb8' failed
make[1]: *** [cmTC_77cb8] Error 1
make[1]: Leaving directory '/data/github-repos/darknet/yolov3_output_decoder_tiny/CMakeFiles/CMakeTmp'
Makefile:126: recipe for target 'cmTC_77cb8/fast' failed
make: *** [cmTC_77cb8/fast] Error 2

File /data/github-repos/darknet/yolov3_output_decoder_tiny/CMakeFiles/CMakeTmp/CheckSymbolExists.c:
/* */
#include <pthread.h>

int main(int argc, char** argv)
{
  (void)argv;
#ifndef pthread_create
  return ((int*)(&pthread_create))[argc];
#else
  (void)argc;
  return 0;
#endif
}

Determining if the function pthread_create exists in the pthreads failed with the following output:
Change Dir: /data/github-repos/darknet/yolov3_output_decoder_tiny/CMakeFiles/CMakeTmp

Run Build Command:"/usr/bin/make" "cmTC_b8f67/fast"
/usr/bin/make -f CMakeFiles/cmTC_b8f67.dir/build.make CMakeFiles/cmTC_b8f67.dir/build
make[1]: Entering directory '/data/github-repos/darknet/yolov3_output_decoder_tiny/CMakeFiles/CMakeTmp'
Building C object CMakeFiles/cmTC_b8f67.dir/CheckFunctionExists.c.o
/usr/bin/cc    -fPIC -DCHECK_FUNCTION_EXISTS=pthread_create   -o CMakeFiles/cmTC_b8f67.dir/CheckFunctionExists.c.o   -c /usr/share/cmake-3.5/Modules/CheckFunctionExists.c
Linking C executable cmTC_b8f67
/usr/bin/cmake -E cmake_link_script CMakeFiles/cmTC_b8f67.dir/link.txt --verbose=1
/usr/bin/cc  -fPIC -DCHECK_FUNCTION_EXISTS=pthread_create    CMakeFiles/cmTC_b8f67.dir/CheckFunctionExists.c.o  -o cmTC_b8f67 -rdynamic -lpthreads 
/usr/bin/ld: cannot find -lpthreads
collect2: error: ld returned 1 exit status
CMakeFiles/cmTC_b8f67.dir/build.make:97: recipe for target 'cmTC_b8f67' failed
make[1]: *** [cmTC_b8f67] Error 1
make[1]: Leaving directory '/data/github-repos/darknet/yolov3_output_decoder_tiny/CMakeFiles/CMakeTmp'
Makefile:126: recipe for target 'cmTC_b8f67/fast' failed
make: *** [cmTC_b8f67/fast] Error 2


